<?xml version="1.0" encoding="UTF-8"?>
<testsuite xmlns:xsi="http://www.w3.org/2001/XMLSchema-instance" xsi:noNamespaceSchemaLocation="https://maven.apache.org/surefire/maven-surefire-plugin/xsd/surefire-test-report-3.0.xsd" version="3.0" name="com.amadeus.digital.cli.commands.TestSay" time="8.666" tests="9" errors="0" skipped="0" failures="0">
  <properties>
    <property name="awt.toolkit" value="sun.awt.X11.XToolkit"/>
    <property name="java.specification.version" value="11"/>
    <property name="sun.cpu.isalist" value=""/>
    <property name="sun.jnu.encoding" value="UTF-8"/>
    <property name="java.class.path" value="/home/runner/work/quarkus-java-sample-cli/quarkus-java-sample-cli/target/test-classes:/home/runner/work/quarkus-java-sample-cli/quarkus-java-sample-cli/target/classes:/home/runner/.m2/repository/io/quarkus/quarkus-arc/3.0.3.Final/quarkus-arc-3.0.3.Final.jar:/home/runner/.m2/repository/io/quarkus/arc/arc/3.0.3.Final/arc-3.0.3.Final.jar:/home/runner/.m2/repository/jakarta/enterprise/jakarta.enterprise.cdi-api/4.0.1/jakarta.enterprise.cdi-api-4.0.1.jar:/home/runner/.m2/repository/jakarta/enterprise/jakarta.enterprise.lang-model/4.0.1/jakarta.enterprise.lang-model-4.0.1.jar:/home/runner/.m2/repository/jakarta/el/jakarta.el-api/5.0.1/jakarta.el-api-5.0.1.jar:/home/runner/.m2/repository/jakarta/annotation/jakarta.annotation-api/2.1.1/jakarta.annotation-api-2.1.1.jar:/home/runner/.m2/repository/jakarta/transaction/jakarta.transaction-api/2.0.1/jakarta.transaction-api-2.0.1.jar:/home/runner/.m2/repository/io/smallrye/reactive/mutiny/2.1.0/mutiny-2.1.0.jar:/home/runner/.m2/repository/io/smallrye/common/smallrye-common-annotation/2.1.0/smallrye-common-annotation-2.1.0.jar:/home/runner/.m2/repository/org/jboss/logging/jboss-logging/3.5.0.Final/jboss-logging-3.5.0.Final.jar:/home/runner/.m2/repository/io/quarkus/quarkus-core/3.0.3.Final/quarkus-core-3.0.3.Final.jar:/home/runner/.m2/repository/jakarta/inject/jakarta.inject-api/2.0.1/jakarta.inject-api-2.0.1.jar:/home/runner/.m2/repository/io/smallrye/common/smallrye-common-os/2.1.0/smallrye-common-os-2.1.0.jar:/home/runner/.m2/repository/io/quarkus/quarkus-ide-launcher/3.0.3.Final/quarkus-ide-launcher-3.0.3.Final.jar:/home/runner/.m2/repository/io/quarkus/quarkus-development-mode-spi/3.0.3.Final/quarkus-development-mode-spi-3.0.3.Final.jar:/home/runner/.m2/repository/io/smallrye/config/smallrye-config/3.2.1/smallrye-config-3.2.1.jar:/home/runner/.m2/repository/io/smallrye/config/smallrye-config-core/3.2.1/smallrye-config-core-3.2.1.jar:/home/runner/.m2/repository/io/smallrye/common/smallrye-common-expression/2.1.0/smallrye-common-expression-2.1.0.jar:/home/runner/.m2/repository/io/smallrye/common/smallrye-common-function/2.1.0/smallrye-common-function-2.1.0.jar:/home/runner/.m2/repository/io/smallrye/common/smallrye-common-constraint/2.1.0/smallrye-common-constraint-2.1.0.jar:/home/runner/.m2/repository/io/smallrye/common/smallrye-common-classloader/2.1.0/smallrye-common-classloader-2.1.0.jar:/home/runner/.m2/repository/io/smallrye/config/smallrye-config-common/3.2.1/smallrye-config-common-3.2.1.jar:/home/runner/.m2/repository/org/jboss/logmanager/jboss-logmanager-embedded/1.1.1/jboss-logmanager-embedded-1.1.1.jar:/home/runner/.m2/repository/org/jboss/logging/jboss-logging-annotations/2.2.1.Final/jboss-logging-annotations-2.2.1.Final.jar:/home/runner/.m2/repository/org/jboss/threads/jboss-threads/3.5.0.Final/jboss-threads-3.5.0.Final.jar:/home/runner/.m2/repository/org/jboss/slf4j/slf4j-jboss-logmanager/2.0.0.Final/slf4j-jboss-logmanager-2.0.0.Final.jar:/home/runner/.m2/repository/org/graalvm/sdk/graal-sdk/22.3.0/graal-sdk-22.3.0.jar:/home/runner/.m2/repository/org/wildfly/common/wildfly-common/1.5.4.Final-format-001/wildfly-common-1.5.4.Final-format-001.jar:/home/runner/.m2/repository/io/quarkus/quarkus-bootstrap-runner/3.0.3.Final/quarkus-bootstrap-runner-3.0.3.Final.jar:/home/runner/.m2/repository/io/github/crac/org-crac/0.1.3/org-crac-0.1.3.jar:/home/runner/.m2/repository/io/quarkus/quarkus-fs-util/0.0.9/quarkus-fs-util-0.0.9.jar:/home/runner/.m2/repository/org/eclipse/microprofile/context-propagation/microprofile-context-propagation-api/1.3/microprofile-context-propagation-api-1.3.jar:/home/runner/.m2/repository/io/quarkus/quarkus-picocli/3.0.3.Final/quarkus-picocli-3.0.3.Final.jar:/home/runner/.m2/repository/info/picocli/picocli/4.7.3/picocli-4.7.3.jar:/home/runner/.m2/repository/io/quarkus/quarkus-jackson/3.0.3.Final/quarkus-jackson-3.0.3.Final.jar:/home/runner/.m2/repository/com/fasterxml/jackson/core/jackson-databind/2.14.2/jackson-databind-2.14.2.jar:/home/runner/.m2/repository/com/fasterxml/jackson/datatype/jackson-datatype-jsr310/2.14.2/jackson-datatype-jsr310-2.14.2.jar:/home/runner/.m2/repository/com/fasterxml/jackson/datatype/jackson-datatype-jdk8/2.14.2/jackson-datatype-jdk8-2.14.2.jar:/home/runner/.m2/repository/com/fasterxml/jackson/module/jackson-module-parameter-names/2.14.2/jackson-module-parameter-names-2.14.2.jar:/home/runner/.m2/repository/io/quarkus/quarkus-rest-client/3.0.3.Final/quarkus-rest-client-3.0.3.Final.jar:/home/runner/.m2/repository/io/quarkus/quarkus-resteasy-common/3.0.3.Final/quarkus-resteasy-common-3.0.3.Final.jar:/home/runner/.m2/repository/org/jboss/resteasy/resteasy-core/6.2.1.Final/resteasy-core-6.2.1.Final.jar:/home/runner/.m2/repository/org/jboss/resteasy/resteasy-core-spi/6.2.1.Final/resteasy-core-spi-6.2.1.Final.jar:/home/runner/.m2/repository/org/reactivestreams/reactive-streams/1.0.4/reactive-streams-1.0.4.jar:/home/runner/.m2/repository/jakarta/validation/jakarta.validation-api/3.0.2/jakarta.validation-api-3.0.2.jar:/home/runner/.m2/repository/com/ibm/async/asyncutil/0.1.0/asyncutil-0.1.0.jar:/home/runner/.m2/repository/org/eclipse/angus/angus-activation/2.0.0/angus-activation-2.0.0.jar:/home/runner/.m2/repository/org/jboss/resteasy/resteasy-cdi/6.2.1.Final/resteasy-cdi-6.2.1.Final.jar:/home/runner/.m2/repository/org/jboss/weld/weld-api/5.0.SP2/weld-api-5.0.SP2.jar:/home/runner/.m2/repository/org/jboss/resteasy/microprofile/microprofile-config/2.1.1.Final/microprofile-config-2.1.1.Final.jar:/home/runner/.m2/repository/jakarta/servlet/jakarta.servlet-api/6.0.0/jakarta.servlet-api-6.0.0.jar:/home/runner/.m2/repository/org/eclipse/microprofile/config/microprofile-config-api/3.0.3/microprofile-config-api-3.0.3.jar:/home/runner/.m2/repository/io/quarkus/quarkus-apache-httpclient/3.0.3.Final/quarkus-apache-httpclient-3.0.3.Final.jar:/home/runner/.m2/repository/org/apache/httpcomponents/httpclient/4.5.14/httpclient-4.5.14.jar:/home/runner/.m2/repository/io/quarkus/quarkus-rest-client-config/3.0.3.Final/quarkus-rest-client-config-3.0.3.Final.jar:/home/runner/.m2/repository/org/eclipse/microprofile/rest/client/microprofile-rest-client-api/3.0.1/microprofile-rest-client-api-3.0.1.jar:/home/runner/.m2/repository/io/smallrye/jandex/3.0.5/jandex-3.0.5.jar:/home/runner/.m2/repository/org/jboss/resteasy/microprofile/microprofile-rest-client/2.1.1.Final/microprofile-rest-client-2.1.1.Final.jar:/home/runner/.m2/repository/org/jboss/resteasy/microprofile/microprofile-rest-client-base/2.1.1.Final/microprofile-rest-client-base-2.1.1.Final.jar:/home/runner/.m2/repository/org/jboss/resteasy/resteasy-client/6.2.1.Final/resteasy-client-6.2.1.Final.jar:/home/runner/.m2/repository/org/jboss/resteasy/resteasy-client-api/6.2.1.Final/resteasy-client-api-6.2.1.Final.jar:/home/runner/.m2/repository/jakarta/interceptor/jakarta.interceptor-api/2.1.0/jakarta.interceptor-api-2.1.0.jar:/home/runner/.m2/repository/jakarta/ws/rs/jakarta.ws.rs-api/3.1.0/jakarta.ws.rs-api-3.1.0.jar:/home/runner/.m2/repository/org/apache/httpcomponents/httpasyncclient/4.1.5/httpasyncclient-4.1.5.jar:/home/runner/.m2/repository/org/apache/httpcomponents/httpcore/4.4.16/httpcore-4.4.16.jar:/home/runner/.m2/repository/org/apache/httpcomponents/httpcore-nio/4.4.16/httpcore-nio-4.4.16.jar:/home/runner/.m2/repository/org/jboss/logging/commons-logging-jboss-logging/1.0.0.Final/commons-logging-jboss-logging-1.0.0.Final.jar:/home/runner/.m2/repository/io/quarkus/quarkus-rest-client-jackson/3.0.3.Final/quarkus-rest-client-jackson-3.0.3.Final.jar:/home/runner/.m2/repository/org/jboss/resteasy/resteasy-jackson2-provider/6.2.1.Final/resteasy-jackson2-provider-6.2.1.Final.jar:/home/runner/.m2/repository/com/fasterxml/jackson/jakarta/rs/jackson-jakarta-rs-base/2.14.2/jackson-jakarta-rs-base-2.14.2.jar:/home/runner/.m2/repository/com/fasterxml/jackson/jakarta/rs/jackson-jakarta-rs-json-provider/2.14.2/jackson-jakarta-rs-json-provider-2.14.2.jar:/home/runner/.m2/repository/com/fasterxml/jackson/module/jackson-module-jakarta-xmlbind-annotations/2.14.2/jackson-module-jakarta-xmlbind-annotations-2.14.2.jar:/home/runner/.m2/repository/com/github/java-json-tools/json-patch/1.13/json-patch-1.13.jar:/home/runner/.m2/repository/com/github/java-json-tools/msg-simple/1.2/msg-simple-1.2.jar:/home/runner/.m2/repository/com/github/java-json-tools/btf/1.3/btf-1.3.jar:/home/runner/.m2/repository/com/github/java-json-tools/jackson-coreutils/2.0/jackson-coreutils-2.0.jar:/home/runner/.m2/repository/jakarta/xml/bind/jakarta.xml.bind-api/4.0.0/jakarta.xml.bind-api-4.0.0.jar:/home/runner/.m2/repository/jakarta/activation/jakarta.activation-api/2.1.1/jakarta.activation-api-2.1.1.jar:/home/runner/.m2/repository/io/quarkus/quarkus-container-image-docker/3.0.3.Final/quarkus-container-image-docker-3.0.3.Final.jar:/home/runner/.m2/repository/io/quarkus/quarkus-container-image/3.0.3.Final/quarkus-container-image-3.0.3.Final.jar:/home/runner/.m2/repository/org/yaml/snakeyaml/1.33/snakeyaml-1.33.jar:/home/runner/.m2/repository/io/quarkus/quarkus-junit5/3.0.3.Final/quarkus-junit5-3.0.3.Final.jar:/home/runner/.m2/repository/io/quarkus/quarkus-bootstrap-core/3.0.3.Final/quarkus-bootstrap-core-3.0.3.Final.jar:/home/runner/.m2/repository/io/quarkus/quarkus-bootstrap-app-model/3.0.3.Final/quarkus-bootstrap-app-model-3.0.3.Final.jar:/home/runner/.m2/repository/io/smallrye/common/smallrye-common-io/2.1.0/smallrye-common-io-2.1.0.jar:/home/runner/.m2/repository/org/eclipse/sisu/org.eclipse.sisu.inject/0.3.5/org.eclipse.sisu.inject-0.3.5.jar:/home/runner/.m2/repository/io/quarkus/quarkus-test-common/3.0.3.Final/quarkus-test-common-3.0.3.Final.jar:/home/runner/.m2/repository/io/quarkus/quarkus-core-deployment/3.0.3.Final/quarkus-core-deployment-3.0.3.Final.jar:/home/runner/.m2/repository/org/aesh/readline/2.4/readline-2.4.jar:/home/runner/.m2/repository/org/fusesource/jansi/jansi/2.4.0/jansi-2.4.0.jar:/home/runner/.m2/repository/org/aesh/aesh/2.7/aesh-2.7.jar:/home/runner/.m2/repository/io/quarkus/gizmo/gizmo/1.6.1.Final/gizmo-1.6.1.Final.jar:/home/runner/.m2/repository/org/ow2/asm/asm-util/9.5/asm-util-9.5.jar:/home/runner/.m2/repository/org/ow2/asm/asm-analysis/9.5/asm-analysis-9.5.jar:/home/runner/.m2/repository/io/quarkus/quarkus-class-change-agent/3.0.3.Final/quarkus-class-change-agent-3.0.3.Final.jar:/home/runner/.m2/repository/io/quarkus/quarkus-devtools-utilities/3.0.3.Final/quarkus-devtools-utilities-3.0.3.Final.jar:/home/runner/.m2/repository/io/quarkus/quarkus-builder/3.0.3.Final/quarkus-builder-3.0.3.Final.jar:/home/runner/.m2/repository/org/junit/platform/junit-platform-launcher/1.9.2/junit-platform-launcher-1.9.2.jar:/home/runner/.m2/repository/io/quarkus/quarkus-bootstrap-maven-resolver/3.0.3.Final/quarkus-bootstrap-maven-resolver-3.0.3.Final.jar:/home/runner/.m2/repository/io/smallrye/beanbag/smallrye-beanbag-maven/1.1.0/smallrye-beanbag-maven-1.1.0.jar:/home/runner/.m2/repository/io/smallrye/beanbag/smallrye-beanbag-sisu/1.1.0/smallrye-beanbag-sisu-1.1.0.jar:/home/runner/.m2/repository/io/smallrye/beanbag/smallrye-beanbag/1.1.0/smallrye-beanbag-1.1.0.jar:/home/runner/.m2/repository/javax/inject/javax.inject/1/javax.inject-1.jar:/home/runner/.m2/repository/org/apache/maven/maven-artifact/3.9.1/maven-artifact-3.9.1.jar:/home/runner/.m2/repository/org/apache/maven/maven-builder-support/3.9.1/maven-builder-support-3.9.1.jar:/home/runner/.m2/repository/org/apache/maven/maven-model/3.9.1/maven-model-3.9.1.jar:/home/runner/.m2/repository/org/apache/maven/maven-model-builder/3.9.1/maven-model-builder-3.9.1.jar:/home/runner/.m2/repository/org/apache/maven/maven-repository-metadata/3.9.1/maven-repository-metadata-3.9.1.jar:/home/runner/.m2/repository/org/apache/maven/maven-settings/3.9.1/maven-settings-3.9.1.jar:/home/runner/.m2/repository/org/apache/maven/resolver/maven-resolver-api/1.9.7/maven-resolver-api-1.9.7.jar:/home/runner/.m2/repository/org/apache/maven/resolver/maven-resolver-impl/1.9.7/maven-resolver-impl-1.9.7.jar:/home/runner/.m2/repository/org/apache/maven/resolver/maven-resolver-named-locks/1.9.7/maven-resolver-named-locks-1.9.7.jar:/home/runner/.m2/repository/org/apache/maven/resolver/maven-resolver-spi/1.9.7/maven-resolver-spi-1.9.7.jar:/home/runner/.m2/repository/org/apache/maven/resolver/maven-resolver-util/1.9.7/maven-resolver-util-1.9.7.jar:/home/runner/.m2/repository/org/apache/maven/wagon/wagon-provider-api/3.5.3/wagon-provider-api-3.5.3.jar:/home/runner/.m2/repository/org/apache/maven/wagon/wagon-http-lightweight/3.5.3/wagon-http-lightweight-3.5.3.jar:/home/runner/.m2/repository/org/apache/maven/wagon/wagon-http-shared/3.5.3/wagon-http-shared-3.5.3.jar:/home/runner/.m2/repository/org/codehaus/plexus/plexus-interpolation/1.26/plexus-interpolation-1.26.jar:/home/runner/.m2/repository/org/codehaus/plexus/plexus-utils/3.5.1/plexus-utils-3.5.1.jar:/home/runner/.m2/repository/org/sonatype/plexus/plexus-cipher/1.7/plexus-cipher-1.7.jar:/home/runner/.m2/repository/org/sonatype/plexus/plexus-sec-dispatcher/1.4/plexus-sec-dispatcher-1.4.jar:/home/runner/.m2/repository/org/apache/maven/maven-embedder/3.9.1/maven-embedder-3.9.1.jar:/home/runner/.m2/repository/org/apache/maven/maven-core/3.9.1/maven-core-3.9.1.jar:/home/runner/.m2/repository/org/codehaus/plexus/plexus-component-annotations/2.1.0/plexus-component-annotations-2.1.0.jar:/home/runner/.m2/repository/org/apache/maven/maven-plugin-api/3.9.1/maven-plugin-api-3.9.1.jar:/home/runner/.m2/repository/org/apache/maven/shared/maven-shared-utils/3.3.4/maven-shared-utils-3.3.4.jar:/home/runner/.m2/repository/com/google/inject/guice/5.1.0/guice-5.1.0.jar:/home/runner/.m2/repository/aopalliance/aopalliance/1.0/aopalliance-1.0.jar:/home/runner/.m2/repository/javax/annotation/javax.annotation-api/1.3.2/javax.annotation-api-1.3.2.jar:/home/runner/.m2/repository/org/codehaus/plexus/plexus-classworlds/2.6.0/plexus-classworlds-2.6.0.jar:/home/runner/.m2/repository/org/codehaus/plexus/plexus-sec-dispatcher/2.0/plexus-sec-dispatcher-2.0.jar:/home/runner/.m2/repository/org/codehaus/plexus/plexus-cipher/2.0/plexus-cipher-2.0.jar:/home/runner/.m2/repository/commons-cli/commons-cli/1.4/commons-cli-1.4.jar:/home/runner/.m2/repository/org/eclipse/sisu/org.eclipse.sisu.plexus/0.3.5/org.eclipse.sisu.plexus-0.3.5.jar:/home/runner/.m2/repository/org/apache/maven/maven-settings-builder/3.9.1/maven-settings-builder-3.9.1.jar:/home/runner/.m2/repository/org/apache/maven/maven-resolver-provider/3.9.1/maven-resolver-provider-3.9.1.jar:/home/runner/.m2/repository/org/apache/maven/resolver/maven-resolver-connector-basic/1.9.7/maven-resolver-connector-basic-1.9.7.jar:/home/runner/.m2/repository/org/apache/maven/resolver/maven-resolver-transport-wagon/1.9.7/maven-resolver-transport-wagon-1.9.7.jar:/home/runner/.m2/repository/org/apache/maven/wagon/wagon-http/3.5.3/wagon-http-3.5.3.jar:/home/runner/.m2/repository/org/apache/maven/wagon/wagon-file/3.5.3/wagon-file-3.5.3.jar:/home/runner/.m2/repository/io/quarkus/quarkus-bootstrap-gradle-resolver/3.0.3.Final/quarkus-bootstrap-gradle-resolver-3.0.3.Final.jar:/home/runner/.m2/repository/io/quarkus/quarkus-junit5-properties/3.0.3.Final/quarkus-junit5-properties-3.0.3.Final.jar:/home/runner/.m2/repository/org/junit/jupiter/junit-jupiter/5.9.2/junit-jupiter-5.9.2.jar:/home/runner/.m2/repository/org/junit/jupiter/junit-jupiter-params/5.9.2/junit-jupiter-params-5.9.2.jar:/home/runner/.m2/repository/org/junit/jupiter/junit-jupiter-engine/5.9.2/junit-jupiter-engine-5.9.2.jar:/home/runner/.m2/repository/org/junit/platform/junit-platform-engine/1.9.2/junit-platform-engine-1.9.2.jar:/home/runner/.m2/repository/com/thoughtworks/xstream/xstream/1.4.20/xstream-1.4.20.jar:/home/runner/.m2/repository/io/github/x-stream/mxparser/1.2.2/mxparser-1.2.2.jar:/home/runner/.m2/repository/xmlpull/xmlpull/1.1.3.1/xmlpull-1.1.3.1.jar:/home/runner/.m2/repository/io/quarkus/quarkus-junit5-mockito/3.0.3.Final/quarkus-junit5-mockito-3.0.3.Final.jar:/home/runner/.m2/repository/io/quarkus/quarkus-junit5-mockito-config/3.0.3.Final/quarkus-junit5-mockito-config-3.0.3.Final.jar:/home/runner/.m2/repository/io/quarkus/quarkus-arc-deployment/3.0.3.Final/quarkus-arc-deployment-3.0.3.Final.jar:/home/runner/.m2/repository/io/quarkus/quarkus-smallrye-context-propagation-spi/3.0.3.Final/quarkus-smallrye-context-propagation-spi-3.0.3.Final.jar:/home/runner/.m2/repository/io/quarkus/quarkus-vertx-http-dev-console-spi/3.0.3.Final/quarkus-vertx-http-dev-console-spi-3.0.3.Final.jar:/home/runner/.m2/repository/io/quarkus/quarkus-vertx-http-dev-console-runtime-spi/3.0.3.Final/quarkus-vertx-http-dev-console-runtime-spi-3.0.3.Final.jar:/home/runner/.m2/repository/io/vertx/vertx-web/4.4.1/vertx-web-4.4.1.jar:/home/runner/.m2/repository/io/vertx/vertx-web-common/4.4.1/vertx-web-common-4.4.1.jar:/home/runner/.m2/repository/io/vertx/vertx-auth-common/4.4.1/vertx-auth-common-4.4.1.jar:/home/runner/.m2/repository/io/vertx/vertx-bridge-common/4.4.1/vertx-bridge-common-4.4.1.jar:/home/runner/.m2/repository/io/vertx/vertx-core/4.4.1/vertx-core-4.4.1.jar:/home/runner/.m2/repository/io/netty/netty-common/4.1.90.Final/netty-common-4.1.90.Final.jar:/home/runner/.m2/repository/io/netty/netty-buffer/4.1.90.Final/netty-buffer-4.1.90.Final.jar:/home/runner/.m2/repository/io/netty/netty-transport/4.1.90.Final/netty-transport-4.1.90.Final.jar:/home/runner/.m2/repository/io/netty/netty-handler/4.1.90.Final/netty-handler-4.1.90.Final.jar:/home/runner/.m2/repository/io/netty/netty-transport-native-unix-common/4.1.90.Final/netty-transport-native-unix-common-4.1.90.Final.jar:/home/runner/.m2/repository/io/netty/netty-codec/4.1.90.Final/netty-codec-4.1.90.Final.jar:/home/runner/.m2/repository/io/netty/netty-handler-proxy/4.1.90.Final/netty-handler-proxy-4.1.90.Final.jar:/home/runner/.m2/repository/io/netty/netty-codec-socks/4.1.90.Final/netty-codec-socks-4.1.90.Final.jar:/home/runner/.m2/repository/io/netty/netty-codec-http/4.1.90.Final/netty-codec-http-4.1.90.Final.jar:/home/runner/.m2/repository/io/netty/netty-codec-http2/4.1.90.Final/netty-codec-http2-4.1.90.Final.jar:/home/runner/.m2/repository/io/netty/netty-resolver/4.1.90.Final/netty-resolver-4.1.90.Final.jar:/home/runner/.m2/repository/io/netty/netty-resolver-dns/4.1.90.Final/netty-resolver-dns-4.1.90.Final.jar:/home/runner/.m2/repository/io/netty/netty-codec-dns/4.1.90.Final/netty-codec-dns-4.1.90.Final.jar:/home/runner/.m2/repository/io/quarkus/quarkus-vertx-http-dev-ui-spi/3.0.3.Final/quarkus-vertx-http-dev-ui-spi-3.0.3.Final.jar:/home/runner/.m2/repository/io/quarkus/arc/arc-processor/3.0.3.Final/arc-processor-3.0.3.Final.jar:/home/runner/.m2/repository/org/mockito/mockito-subclass/5.2.0/mockito-subclass-5.2.0.jar:/home/runner/.m2/repository/io/quarkus/quarkus-mutiny/3.0.3.Final/quarkus-mutiny-3.0.3.Final.jar:/home/runner/.m2/repository/io/quarkus/quarkus-smallrye-context-propagation/3.0.3.Final/quarkus-smallrye-context-propagation-3.0.3.Final.jar:/home/runner/.m2/repository/io/smallrye/smallrye-context-propagation/2.1.0/smallrye-context-propagation-2.1.0.jar:/home/runner/.m2/repository/io/smallrye/smallrye-context-propagation-api/2.1.0/smallrye-context-propagation-api-2.1.0.jar:/home/runner/.m2/repository/io/smallrye/smallrye-context-propagation-storage/2.1.0/smallrye-context-propagation-storage-2.1.0.jar:/home/runner/.m2/repository/io/smallrye/reactive/mutiny-smallrye-context-propagation/2.1.0/mutiny-smallrye-context-propagation-2.1.0.jar:/home/runner/.m2/repository/org/assertj/assertj-core/3.23.1/assertj-core-3.23.1.jar:/home/runner/.m2/repository/net/bytebuddy/byte-buddy/1.12.18/byte-buddy-1.12.18.jar:/home/runner/.m2/repository/com/github/tomakehurst/wiremock-jre8/2.35.0/wiremock-jre8-2.35.0.jar:/home/runner/.m2/repository/org/eclipse/jetty/jetty-server/9.4.49.v20220914/jetty-server-9.4.49.v20220914.jar:/home/runner/.m2/repository/javax/servlet/javax.servlet-api/3.1.0/javax.servlet-api-3.1.0.jar:/home/runner/.m2/repository/org/eclipse/jetty/jetty-http/9.4.49.v20220914/jetty-http-9.4.49.v20220914.jar:/home/runner/.m2/repository/org/eclipse/jetty/jetty-io/9.4.49.v20220914/jetty-io-9.4.49.v20220914.jar:/home/runner/.m2/repository/org/eclipse/jetty/jetty-servlet/9.4.49.v20220914/jetty-servlet-9.4.49.v20220914.jar:/home/runner/.m2/repository/org/eclipse/jetty/jetty-security/9.4.49.v20220914/jetty-security-9.4.49.v20220914.jar:/home/runner/.m2/repository/org/eclipse/jetty/jetty-util-ajax/9.4.49.v20220914/jetty-util-ajax-9.4.49.v20220914.jar:/home/runner/.m2/repository/org/eclipse/jetty/jetty-servlets/9.4.49.v20220914/jetty-servlets-9.4.49.v20220914.jar:/home/runner/.m2/repository/org/eclipse/jetty/jetty-continuation/9.4.49.v20220914/jetty-continuation-9.4.49.v20220914.jar:/home/runner/.m2/repository/org/eclipse/jetty/jetty-util/9.4.49.v20220914/jetty-util-9.4.49.v20220914.jar:/home/runner/.m2/repository/org/eclipse/jetty/jetty-webapp/9.4.49.v20220914/jetty-webapp-9.4.49.v20220914.jar:/home/runner/.m2/repository/org/eclipse/jetty/jetty-xml/9.4.49.v20220914/jetty-xml-9.4.49.v20220914.jar:/home/runner/.m2/repository/org/eclipse/jetty/jetty-proxy/9.4.49.v20220914/jetty-proxy-9.4.49.v20220914.jar:/home/runner/.m2/repository/org/eclipse/jetty/jetty-client/9.4.49.v20220914/jetty-client-9.4.49.v20220914.jar:/home/runner/.m2/repository/org/eclipse/jetty/http2/http2-server/9.4.49.v20220914/http2-server-9.4.49.v20220914.jar:/home/runner/.m2/repository/org/eclipse/jetty/http2/http2-common/9.4.49.v20220914/http2-common-9.4.49.v20220914.jar:/home/runner/.m2/repository/org/eclipse/jetty/http2/http2-hpack/9.4.49.v20220914/http2-hpack-9.4.49.v20220914.jar:/home/runner/.m2/repository/org/eclipse/jetty/jetty-alpn-server/9.4.49.v20220914/jetty-alpn-server-9.4.49.v20220914.jar:/home/runner/.m2/repository/org/eclipse/jetty/jetty-alpn-java-server/9.4.49.v20220914/jetty-alpn-java-server-9.4.49.v20220914.jar:/home/runner/.m2/repository/org/eclipse/jetty/jetty-alpn-openjdk8-server/9.4.49.v20220914/jetty-alpn-openjdk8-server-9.4.49.v20220914.jar:/home/runner/.m2/repository/org/eclipse/jetty/jetty-alpn-java-client/9.4.49.v20220914/jetty-alpn-java-client-9.4.49.v20220914.jar:/home/runner/.m2/repository/org/eclipse/jetty/jetty-alpn-client/9.4.49.v20220914/jetty-alpn-client-9.4.49.v20220914.jar:/home/runner/.m2/repository/org/eclipse/jetty/jetty-alpn-openjdk8-client/9.4.49.v20220914/jetty-alpn-openjdk8-client-9.4.49.v20220914.jar:/home/runner/.m2/repository/com/google/guava/guava/31.1-jre/guava-31.1-jre.jar:/home/runner/.m2/repository/com/google/guava/failureaccess/1.0.1/failureaccess-1.0.1.jar:/home/runner/.m2/repository/org/checkerframework/checker-qual/3.32.0/checker-qual-3.32.0.jar:/home/runner/.m2/repository/com/google/errorprone/error_prone_annotations/2.18.0/error_prone_annotations-2.18.0.jar:/home/runner/.m2/repository/com/google/j2objc/j2objc-annotations/1.3/j2objc-annotations-1.3.jar:/home/runner/.m2/repository/com/fasterxml/jackson/core/jackson-core/2.14.2/jackson-core-2.14.2.jar:/home/runner/.m2/repository/com/fasterxml/jackson/core/jackson-annotations/2.14.2/jackson-annotations-2.14.2.jar:/home/runner/.m2/repository/org/apache/httpcomponents/client5/httpclient5/5.1.3/httpclient5-5.1.3.jar:/home/runner/.m2/repository/org/apache/httpcomponents/core5/httpcore5/5.1.3/httpcore5-5.1.3.jar:/home/runner/.m2/repository/org/apache/httpcomponents/core5/httpcore5-h2/5.1.3/httpcore5-h2-5.1.3.jar:/home/runner/.m2/repository/commons-codec/commons-codec/1.15/commons-codec-1.15.jar:/home/runner/.m2/repository/org/xmlunit/xmlunit-core/2.9.0/xmlunit-core-2.9.0.jar:/home/runner/.m2/repository/org/xmlunit/xmlunit-legacy/2.9.0/xmlunit-legacy-2.9.0.jar:/home/runner/.m2/repository/org/xmlunit/xmlunit-placeholders/2.9.0/xmlunit-placeholders-2.9.0.jar:/home/runner/.m2/repository/net/javacrumbs/json-unit/json-unit-core/2.36.0/json-unit-core-2.36.0.jar:/home/runner/.m2/repository/org/hamcrest/hamcrest-core/2.2/hamcrest-core-2.2.jar:/home/runner/.m2/repository/org/hamcrest/hamcrest/2.2/hamcrest-2.2.jar:/home/runner/.m2/repository/com/jayway/jsonpath/json-path/2.7.0/json-path-2.7.0.jar:/home/runner/.m2/repository/net/minidev/json-smart/2.4.7/json-smart-2.4.7.jar:/home/runner/.m2/repository/net/minidev/accessors-smart/2.4.7/accessors-smart-2.4.7.jar:/home/runner/.m2/repository/org/ow2/asm/asm/9.5/asm-9.5.jar:/home/runner/.m2/repository/net/sf/jopt-simple/jopt-simple/5.0.4/jopt-simple-5.0.4.jar:/home/runner/.m2/repository/org/apache/commons/commons-lang3/3.12.0/commons-lang3-3.12.0.jar:/home/runner/.m2/repository/com/github/jknack/handlebars/4.3.1/handlebars-4.3.1.jar:/home/runner/.m2/repository/com/github/jknack/handlebars-helpers/4.3.1/handlebars-helpers-4.3.1.jar:/home/runner/.m2/repository/commons-fileupload/commons-fileupload/1.4/commons-fileupload-1.4.jar:/home/runner/.m2/repository/commons-io/commons-io/2.11.0/commons-io-2.11.0.jar:/home/runner/.m2/repository/org/slf4j/slf4j-api/2.0.6/slf4j-api-2.0.6.jar:/home/runner/.m2/repository/org/mockito/mockito-junit-jupiter/4.9.0/mockito-junit-jupiter-4.9.0.jar:/home/runner/.m2/repository/org/mockito/mockito-core/5.2.0/mockito-core-5.2.0.jar:/home/runner/.m2/repository/net/bytebuddy/byte-buddy-agent/1.14.1/byte-buddy-agent-1.14.1.jar:/home/runner/.m2/repository/org/objenesis/objenesis/3.3/objenesis-3.3.jar:/home/runner/.m2/repository/org/junit/jupiter/junit-jupiter-api/5.9.2/junit-jupiter-api-5.9.2.jar:/home/runner/.m2/repository/org/opentest4j/opentest4j/1.2.0/opentest4j-1.2.0.jar:/home/runner/.m2/repository/org/junit/platform/junit-platform-commons/1.9.2/junit-platform-commons-1.9.2.jar:/home/runner/.m2/repository/org/apiguardian/apiguardian-api/1.1.2/apiguardian-api-1.1.2.jar:/home/runner/.m2/repository/io/quarkus/quarkus-jacoco/3.0.3.Final/quarkus-jacoco-3.0.3.Final.jar:/home/runner/.m2/repository/org/jacoco/org.jacoco.core/0.8.9/org.jacoco.core-0.8.9.jar:/home/runner/.m2/repository/org/ow2/asm/asm-tree/9.5/asm-tree-9.5.jar:/home/runner/.m2/repository/org/jacoco/org.jacoco.report/0.8.9/org.jacoco.report-0.8.9.jar:/home/runner/.m2/repository/org/jacoco/org.jacoco.agent/0.8.9/org.jacoco.agent-0.8.9.jar:/home/runner/.m2/repository/org/jacoco/org.jacoco.agent/0.8.9/org.jacoco.agent-0.8.9-runtime.jar:/home/runner/.m2/repository/org/ow2/asm/asm-commons/9.5/asm-commons-9.5.jar:"/>
    <property name="java.vm.vendor" value="Eclipse Adoptium"/>
    <property name="sun.arch.data.model" value="64"/>
    <property name="java.vendor.url" value="https://adoptium.net/"/>
    <property name="user.timezone" value="Etc/UTC"/>
    <property name="logging.initial-configurator.min-level" value="500"/>
    <property name="java.vm.specification.version" value="11"/>
    <property name="os.name" value="Linux"/>
    <property name="sun.java.launcher" value="SUN_STANDARD"/>
    <property name="sun.boot.library.path" value="/opt/hostedtoolcache/Java_Adopt_jdk/11.0.19-7/x64/lib"/>
    <property name="sun.java.command" value="/home/runner/work/quarkus-java-sample-cli/quarkus-java-sample-cli/target/surefire/surefirebooter-20230524205007767_3.jar /home/runner/work/quarkus-java-sample-cli/quarkus-java-sample-cli/target/surefire 2023-05-24T20-50-07_447-jvmRun1 surefire-20230524205007767_1tmp surefire_0-20230524205007767_2tmp"/>
    <property name="jdk.debug" value="release"/>
    <property name="surefire.test.class.path" value="/home/runner/work/quarkus-java-sample-cli/quarkus-java-sample-cli/target/test-classes:/home/runner/work/quarkus-java-sample-cli/quarkus-java-sample-cli/target/classes:/home/runner/.m2/repository/io/quarkus/quarkus-arc/3.0.3.Final/quarkus-arc-3.0.3.Final.jar:/home/runner/.m2/repository/io/quarkus/arc/arc/3.0.3.Final/arc-3.0.3.Final.jar:/home/runner/.m2/repository/jakarta/enterprise/jakarta.enterprise.cdi-api/4.0.1/jakarta.enterprise.cdi-api-4.0.1.jar:/home/runner/.m2/repository/jakarta/enterprise/jakarta.enterprise.lang-model/4.0.1/jakarta.enterprise.lang-model-4.0.1.jar:/home/runner/.m2/repository/jakarta/el/jakarta.el-api/5.0.1/jakarta.el-api-5.0.1.jar:/home/runner/.m2/repository/jakarta/annotation/jakarta.annotation-api/2.1.1/jakarta.annotation-api-2.1.1.jar:/home/runner/.m2/repository/jakarta/transaction/jakarta.transaction-api/2.0.1/jakarta.transaction-api-2.0.1.jar:/home/runner/.m2/repository/io/smallrye/reactive/mutiny/2.1.0/mutiny-2.1.0.jar:/home/runner/.m2/repository/io/smallrye/common/smallrye-common-annotation/2.1.0/smallrye-common-annotation-2.1.0.jar:/home/runner/.m2/repository/org/jboss/logging/jboss-logging/3.5.0.Final/jboss-logging-3.5.0.Final.jar:/home/runner/.m2/repository/io/quarkus/quarkus-core/3.0.3.Final/quarkus-core-3.0.3.Final.jar:/home/runner/.m2/repository/jakarta/inject/jakarta.inject-api/2.0.1/jakarta.inject-api-2.0.1.jar:/home/runner/.m2/repository/io/smallrye/common/smallrye-common-os/2.1.0/smallrye-common-os-2.1.0.jar:/home/runner/.m2/repository/io/quarkus/quarkus-ide-launcher/3.0.3.Final/quarkus-ide-launcher-3.0.3.Final.jar:/home/runner/.m2/repository/io/quarkus/quarkus-development-mode-spi/3.0.3.Final/quarkus-development-mode-spi-3.0.3.Final.jar:/home/runner/.m2/repository/io/smallrye/config/smallrye-config/3.2.1/smallrye-config-3.2.1.jar:/home/runner/.m2/repository/io/smallrye/config/smallrye-config-core/3.2.1/smallrye-config-core-3.2.1.jar:/home/runner/.m2/repository/io/smallrye/common/smallrye-common-expression/2.1.0/smallrye-common-expression-2.1.0.jar:/home/runner/.m2/repository/io/smallrye/common/smallrye-common-function/2.1.0/smallrye-common-function-2.1.0.jar:/home/runner/.m2/repository/io/smallrye/common/smallrye-common-constraint/2.1.0/smallrye-common-constraint-2.1.0.jar:/home/runner/.m2/repository/io/smallrye/common/smallrye-common-classloader/2.1.0/smallrye-common-classloader-2.1.0.jar:/home/runner/.m2/repository/io/smallrye/config/smallrye-config-common/3.2.1/smallrye-config-common-3.2.1.jar:/home/runner/.m2/repository/org/jboss/logmanager/jboss-logmanager-embedded/1.1.1/jboss-logmanager-embedded-1.1.1.jar:/home/runner/.m2/repository/org/jboss/logging/jboss-logging-annotations/2.2.1.Final/jboss-logging-annotations-2.2.1.Final.jar:/home/runner/.m2/repository/org/jboss/threads/jboss-threads/3.5.0.Final/jboss-threads-3.5.0.Final.jar:/home/runner/.m2/repository/org/jboss/slf4j/slf4j-jboss-logmanager/2.0.0.Final/slf4j-jboss-logmanager-2.0.0.Final.jar:/home/runner/.m2/repository/org/graalvm/sdk/graal-sdk/22.3.0/graal-sdk-22.3.0.jar:/home/runner/.m2/repository/org/wildfly/common/wildfly-common/1.5.4.Final-format-001/wildfly-common-1.5.4.Final-format-001.jar:/home/runner/.m2/repository/io/quarkus/quarkus-bootstrap-runner/3.0.3.Final/quarkus-bootstrap-runner-3.0.3.Final.jar:/home/runner/.m2/repository/io/github/crac/org-crac/0.1.3/org-crac-0.1.3.jar:/home/runner/.m2/repository/io/quarkus/quarkus-fs-util/0.0.9/quarkus-fs-util-0.0.9.jar:/home/runner/.m2/repository/org/eclipse/microprofile/context-propagation/microprofile-context-propagation-api/1.3/microprofile-context-propagation-api-1.3.jar:/home/runner/.m2/repository/io/quarkus/quarkus-picocli/3.0.3.Final/quarkus-picocli-3.0.3.Final.jar:/home/runner/.m2/repository/info/picocli/picocli/4.7.3/picocli-4.7.3.jar:/home/runner/.m2/repository/io/quarkus/quarkus-jackson/3.0.3.Final/quarkus-jackson-3.0.3.Final.jar:/home/runner/.m2/repository/com/fasterxml/jackson/core/jackson-databind/2.14.2/jackson-databind-2.14.2.jar:/home/runner/.m2/repository/com/fasterxml/jackson/datatype/jackson-datatype-jsr310/2.14.2/jackson-datatype-jsr310-2.14.2.jar:/home/runner/.m2/repository/com/fasterxml/jackson/datatype/jackson-datatype-jdk8/2.14.2/jackson-datatype-jdk8-2.14.2.jar:/home/runner/.m2/repository/com/fasterxml/jackson/module/jackson-module-parameter-names/2.14.2/jackson-module-parameter-names-2.14.2.jar:/home/runner/.m2/repository/io/quarkus/quarkus-rest-client/3.0.3.Final/quarkus-rest-client-3.0.3.Final.jar:/home/runner/.m2/repository/io/quarkus/quarkus-resteasy-common/3.0.3.Final/quarkus-resteasy-common-3.0.3.Final.jar:/home/runner/.m2/repository/org/jboss/resteasy/resteasy-core/6.2.1.Final/resteasy-core-6.2.1.Final.jar:/home/runner/.m2/repository/org/jboss/resteasy/resteasy-core-spi/6.2.1.Final/resteasy-core-spi-6.2.1.Final.jar:/home/runner/.m2/repository/org/reactivestreams/reactive-streams/1.0.4/reactive-streams-1.0.4.jar:/home/runner/.m2/repository/jakarta/validation/jakarta.validation-api/3.0.2/jakarta.validation-api-3.0.2.jar:/home/runner/.m2/repository/com/ibm/async/asyncutil/0.1.0/asyncutil-0.1.0.jar:/home/runner/.m2/repository/org/eclipse/angus/angus-activation/2.0.0/angus-activation-2.0.0.jar:/home/runner/.m2/repository/org/jboss/resteasy/resteasy-cdi/6.2.1.Final/resteasy-cdi-6.2.1.Final.jar:/home/runner/.m2/repository/org/jboss/weld/weld-api/5.0.SP2/weld-api-5.0.SP2.jar:/home/runner/.m2/repository/org/jboss/resteasy/microprofile/microprofile-config/2.1.1.Final/microprofile-config-2.1.1.Final.jar:/home/runner/.m2/repository/jakarta/servlet/jakarta.servlet-api/6.0.0/jakarta.servlet-api-6.0.0.jar:/home/runner/.m2/repository/org/eclipse/microprofile/config/microprofile-config-api/3.0.3/microprofile-config-api-3.0.3.jar:/home/runner/.m2/repository/io/quarkus/quarkus-apache-httpclient/3.0.3.Final/quarkus-apache-httpclient-3.0.3.Final.jar:/home/runner/.m2/repository/org/apache/httpcomponents/httpclient/4.5.14/httpclient-4.5.14.jar:/home/runner/.m2/repository/io/quarkus/quarkus-rest-client-config/3.0.3.Final/quarkus-rest-client-config-3.0.3.Final.jar:/home/runner/.m2/repository/org/eclipse/microprofile/rest/client/microprofile-rest-client-api/3.0.1/microprofile-rest-client-api-3.0.1.jar:/home/runner/.m2/repository/io/smallrye/jandex/3.0.5/jandex-3.0.5.jar:/home/runner/.m2/repository/org/jboss/resteasy/microprofile/microprofile-rest-client/2.1.1.Final/microprofile-rest-client-2.1.1.Final.jar:/home/runner/.m2/repository/org/jboss/resteasy/microprofile/microprofile-rest-client-base/2.1.1.Final/microprofile-rest-client-base-2.1.1.Final.jar:/home/runner/.m2/repository/org/jboss/resteasy/resteasy-client/6.2.1.Final/resteasy-client-6.2.1.Final.jar:/home/runner/.m2/repository/org/jboss/resteasy/resteasy-client-api/6.2.1.Final/resteasy-client-api-6.2.1.Final.jar:/home/runner/.m2/repository/jakarta/interceptor/jakarta.interceptor-api/2.1.0/jakarta.interceptor-api-2.1.0.jar:/home/runner/.m2/repository/jakarta/ws/rs/jakarta.ws.rs-api/3.1.0/jakarta.ws.rs-api-3.1.0.jar:/home/runner/.m2/repository/org/apache/httpcomponents/httpasyncclient/4.1.5/httpasyncclient-4.1.5.jar:/home/runner/.m2/repository/org/apache/httpcomponents/httpcore/4.4.16/httpcore-4.4.16.jar:/home/runner/.m2/repository/org/apache/httpcomponents/httpcore-nio/4.4.16/httpcore-nio-4.4.16.jar:/home/runner/.m2/repository/org/jboss/logging/commons-logging-jboss-logging/1.0.0.Final/commons-logging-jboss-logging-1.0.0.Final.jar:/home/runner/.m2/repository/io/quarkus/quarkus-rest-client-jackson/3.0.3.Final/quarkus-rest-client-jackson-3.0.3.Final.jar:/home/runner/.m2/repository/org/jboss/resteasy/resteasy-jackson2-provider/6.2.1.Final/resteasy-jackson2-provider-6.2.1.Final.jar:/home/runner/.m2/repository/com/fasterxml/jackson/jakarta/rs/jackson-jakarta-rs-base/2.14.2/jackson-jakarta-rs-base-2.14.2.jar:/home/runner/.m2/repository/com/fasterxml/jackson/jakarta/rs/jackson-jakarta-rs-json-provider/2.14.2/jackson-jakarta-rs-json-provider-2.14.2.jar:/home/runner/.m2/repository/com/fasterxml/jackson/module/jackson-module-jakarta-xmlbind-annotations/2.14.2/jackson-module-jakarta-xmlbind-annotations-2.14.2.jar:/home/runner/.m2/repository/com/github/java-json-tools/json-patch/1.13/json-patch-1.13.jar:/home/runner/.m2/repository/com/github/java-json-tools/msg-simple/1.2/msg-simple-1.2.jar:/home/runner/.m2/repository/com/github/java-json-tools/btf/1.3/btf-1.3.jar:/home/runner/.m2/repository/com/github/java-json-tools/jackson-coreutils/2.0/jackson-coreutils-2.0.jar:/home/runner/.m2/repository/jakarta/xml/bind/jakarta.xml.bind-api/4.0.0/jakarta.xml.bind-api-4.0.0.jar:/home/runner/.m2/repository/jakarta/activation/jakarta.activation-api/2.1.1/jakarta.activation-api-2.1.1.jar:/home/runner/.m2/repository/io/quarkus/quarkus-container-image-docker/3.0.3.Final/quarkus-container-image-docker-3.0.3.Final.jar:/home/runner/.m2/repository/io/quarkus/quarkus-container-image/3.0.3.Final/quarkus-container-image-3.0.3.Final.jar:/home/runner/.m2/repository/org/yaml/snakeyaml/1.33/snakeyaml-1.33.jar:/home/runner/.m2/repository/io/quarkus/quarkus-junit5/3.0.3.Final/quarkus-junit5-3.0.3.Final.jar:/home/runner/.m2/repository/io/quarkus/quarkus-bootstrap-core/3.0.3.Final/quarkus-bootstrap-core-3.0.3.Final.jar:/home/runner/.m2/repository/io/quarkus/quarkus-bootstrap-app-model/3.0.3.Final/quarkus-bootstrap-app-model-3.0.3.Final.jar:/home/runner/.m2/repository/io/smallrye/common/smallrye-common-io/2.1.0/smallrye-common-io-2.1.0.jar:/home/runner/.m2/repository/org/eclipse/sisu/org.eclipse.sisu.inject/0.3.5/org.eclipse.sisu.inject-0.3.5.jar:/home/runner/.m2/repository/io/quarkus/quarkus-test-common/3.0.3.Final/quarkus-test-common-3.0.3.Final.jar:/home/runner/.m2/repository/io/quarkus/quarkus-core-deployment/3.0.3.Final/quarkus-core-deployment-3.0.3.Final.jar:/home/runner/.m2/repository/org/aesh/readline/2.4/readline-2.4.jar:/home/runner/.m2/repository/org/fusesource/jansi/jansi/2.4.0/jansi-2.4.0.jar:/home/runner/.m2/repository/org/aesh/aesh/2.7/aesh-2.7.jar:/home/runner/.m2/repository/io/quarkus/gizmo/gizmo/1.6.1.Final/gizmo-1.6.1.Final.jar:/home/runner/.m2/repository/org/ow2/asm/asm-util/9.5/asm-util-9.5.jar:/home/runner/.m2/repository/org/ow2/asm/asm-analysis/9.5/asm-analysis-9.5.jar:/home/runner/.m2/repository/io/quarkus/quarkus-class-change-agent/3.0.3.Final/quarkus-class-change-agent-3.0.3.Final.jar:/home/runner/.m2/repository/io/quarkus/quarkus-devtools-utilities/3.0.3.Final/quarkus-devtools-utilities-3.0.3.Final.jar:/home/runner/.m2/repository/io/quarkus/quarkus-builder/3.0.3.Final/quarkus-builder-3.0.3.Final.jar:/home/runner/.m2/repository/org/junit/platform/junit-platform-launcher/1.9.2/junit-platform-launcher-1.9.2.jar:/home/runner/.m2/repository/io/quarkus/quarkus-bootstrap-maven-resolver/3.0.3.Final/quarkus-bootstrap-maven-resolver-3.0.3.Final.jar:/home/runner/.m2/repository/io/smallrye/beanbag/smallrye-beanbag-maven/1.1.0/smallrye-beanbag-maven-1.1.0.jar:/home/runner/.m2/repository/io/smallrye/beanbag/smallrye-beanbag-sisu/1.1.0/smallrye-beanbag-sisu-1.1.0.jar:/home/runner/.m2/repository/io/smallrye/beanbag/smallrye-beanbag/1.1.0/smallrye-beanbag-1.1.0.jar:/home/runner/.m2/repository/javax/inject/javax.inject/1/javax.inject-1.jar:/home/runner/.m2/repository/org/apache/maven/maven-artifact/3.9.1/maven-artifact-3.9.1.jar:/home/runner/.m2/repository/org/apache/maven/maven-builder-support/3.9.1/maven-builder-support-3.9.1.jar:/home/runner/.m2/repository/org/apache/maven/maven-model/3.9.1/maven-model-3.9.1.jar:/home/runner/.m2/repository/org/apache/maven/maven-model-builder/3.9.1/maven-model-builder-3.9.1.jar:/home/runner/.m2/repository/org/apache/maven/maven-repository-metadata/3.9.1/maven-repository-metadata-3.9.1.jar:/home/runner/.m2/repository/org/apache/maven/maven-settings/3.9.1/maven-settings-3.9.1.jar:/home/runner/.m2/repository/org/apache/maven/resolver/maven-resolver-api/1.9.7/maven-resolver-api-1.9.7.jar:/home/runner/.m2/repository/org/apache/maven/resolver/maven-resolver-impl/1.9.7/maven-resolver-impl-1.9.7.jar:/home/runner/.m2/repository/org/apache/maven/resolver/maven-resolver-named-locks/1.9.7/maven-resolver-named-locks-1.9.7.jar:/home/runner/.m2/repository/org/apache/maven/resolver/maven-resolver-spi/1.9.7/maven-resolver-spi-1.9.7.jar:/home/runner/.m2/repository/org/apache/maven/resolver/maven-resolver-util/1.9.7/maven-resolver-util-1.9.7.jar:/home/runner/.m2/repository/org/apache/maven/wagon/wagon-provider-api/3.5.3/wagon-provider-api-3.5.3.jar:/home/runner/.m2/repository/org/apache/maven/wagon/wagon-http-lightweight/3.5.3/wagon-http-lightweight-3.5.3.jar:/home/runner/.m2/repository/org/apache/maven/wagon/wagon-http-shared/3.5.3/wagon-http-shared-3.5.3.jar:/home/runner/.m2/repository/org/codehaus/plexus/plexus-interpolation/1.26/plexus-interpolation-1.26.jar:/home/runner/.m2/repository/org/codehaus/plexus/plexus-utils/3.5.1/plexus-utils-3.5.1.jar:/home/runner/.m2/repository/org/sonatype/plexus/plexus-cipher/1.7/plexus-cipher-1.7.jar:/home/runner/.m2/repository/org/sonatype/plexus/plexus-sec-dispatcher/1.4/plexus-sec-dispatcher-1.4.jar:/home/runner/.m2/repository/org/apache/maven/maven-embedder/3.9.1/maven-embedder-3.9.1.jar:/home/runner/.m2/repository/org/apache/maven/maven-core/3.9.1/maven-core-3.9.1.jar:/home/runner/.m2/repository/org/codehaus/plexus/plexus-component-annotations/2.1.0/plexus-component-annotations-2.1.0.jar:/home/runner/.m2/repository/org/apache/maven/maven-plugin-api/3.9.1/maven-plugin-api-3.9.1.jar:/home/runner/.m2/repository/org/apache/maven/shared/maven-shared-utils/3.3.4/maven-shared-utils-3.3.4.jar:/home/runner/.m2/repository/com/google/inject/guice/5.1.0/guice-5.1.0.jar:/home/runner/.m2/repository/aopalliance/aopalliance/1.0/aopalliance-1.0.jar:/home/runner/.m2/repository/javax/annotation/javax.annotation-api/1.3.2/javax.annotation-api-1.3.2.jar:/home/runner/.m2/repository/org/codehaus/plexus/plexus-classworlds/2.6.0/plexus-classworlds-2.6.0.jar:/home/runner/.m2/repository/org/codehaus/plexus/plexus-sec-dispatcher/2.0/plexus-sec-dispatcher-2.0.jar:/home/runner/.m2/repository/org/codehaus/plexus/plexus-cipher/2.0/plexus-cipher-2.0.jar:/home/runner/.m2/repository/commons-cli/commons-cli/1.4/commons-cli-1.4.jar:/home/runner/.m2/repository/org/eclipse/sisu/org.eclipse.sisu.plexus/0.3.5/org.eclipse.sisu.plexus-0.3.5.jar:/home/runner/.m2/repository/org/apache/maven/maven-settings-builder/3.9.1/maven-settings-builder-3.9.1.jar:/home/runner/.m2/repository/org/apache/maven/maven-resolver-provider/3.9.1/maven-resolver-provider-3.9.1.jar:/home/runner/.m2/repository/org/apache/maven/resolver/maven-resolver-connector-basic/1.9.7/maven-resolver-connector-basic-1.9.7.jar:/home/runner/.m2/repository/org/apache/maven/resolver/maven-resolver-transport-wagon/1.9.7/maven-resolver-transport-wagon-1.9.7.jar:/home/runner/.m2/repository/org/apache/maven/wagon/wagon-http/3.5.3/wagon-http-3.5.3.jar:/home/runner/.m2/repository/org/apache/maven/wagon/wagon-file/3.5.3/wagon-file-3.5.3.jar:/home/runner/.m2/repository/io/quarkus/quarkus-bootstrap-gradle-resolver/3.0.3.Final/quarkus-bootstrap-gradle-resolver-3.0.3.Final.jar:/home/runner/.m2/repository/io/quarkus/quarkus-junit5-properties/3.0.3.Final/quarkus-junit5-properties-3.0.3.Final.jar:/home/runner/.m2/repository/org/junit/jupiter/junit-jupiter/5.9.2/junit-jupiter-5.9.2.jar:/home/runner/.m2/repository/org/junit/jupiter/junit-jupiter-params/5.9.2/junit-jupiter-params-5.9.2.jar:/home/runner/.m2/repository/org/junit/jupiter/junit-jupiter-engine/5.9.2/junit-jupiter-engine-5.9.2.jar:/home/runner/.m2/repository/org/junit/platform/junit-platform-engine/1.9.2/junit-platform-engine-1.9.2.jar:/home/runner/.m2/repository/com/thoughtworks/xstream/xstream/1.4.20/xstream-1.4.20.jar:/home/runner/.m2/repository/io/github/x-stream/mxparser/1.2.2/mxparser-1.2.2.jar:/home/runner/.m2/repository/xmlpull/xmlpull/1.1.3.1/xmlpull-1.1.3.1.jar:/home/runner/.m2/repository/io/quarkus/quarkus-junit5-mockito/3.0.3.Final/quarkus-junit5-mockito-3.0.3.Final.jar:/home/runner/.m2/repository/io/quarkus/quarkus-junit5-mockito-config/3.0.3.Final/quarkus-junit5-mockito-config-3.0.3.Final.jar:/home/runner/.m2/repository/io/quarkus/quarkus-arc-deployment/3.0.3.Final/quarkus-arc-deployment-3.0.3.Final.jar:/home/runner/.m2/repository/io/quarkus/quarkus-smallrye-context-propagation-spi/3.0.3.Final/quarkus-smallrye-context-propagation-spi-3.0.3.Final.jar:/home/runner/.m2/repository/io/quarkus/quarkus-vertx-http-dev-console-spi/3.0.3.Final/quarkus-vertx-http-dev-console-spi-3.0.3.Final.jar:/home/runner/.m2/repository/io/quarkus/quarkus-vertx-http-dev-console-runtime-spi/3.0.3.Final/quarkus-vertx-http-dev-console-runtime-spi-3.0.3.Final.jar:/home/runner/.m2/repository/io/vertx/vertx-web/4.4.1/vertx-web-4.4.1.jar:/home/runner/.m2/repository/io/vertx/vertx-web-common/4.4.1/vertx-web-common-4.4.1.jar:/home/runner/.m2/repository/io/vertx/vertx-auth-common/4.4.1/vertx-auth-common-4.4.1.jar:/home/runner/.m2/repository/io/vertx/vertx-bridge-common/4.4.1/vertx-bridge-common-4.4.1.jar:/home/runner/.m2/repository/io/vertx/vertx-core/4.4.1/vertx-core-4.4.1.jar:/home/runner/.m2/repository/io/netty/netty-common/4.1.90.Final/netty-common-4.1.90.Final.jar:/home/runner/.m2/repository/io/netty/netty-buffer/4.1.90.Final/netty-buffer-4.1.90.Final.jar:/home/runner/.m2/repository/io/netty/netty-transport/4.1.90.Final/netty-transport-4.1.90.Final.jar:/home/runner/.m2/repository/io/netty/netty-handler/4.1.90.Final/netty-handler-4.1.90.Final.jar:/home/runner/.m2/repository/io/netty/netty-transport-native-unix-common/4.1.90.Final/netty-transport-native-unix-common-4.1.90.Final.jar:/home/runner/.m2/repository/io/netty/netty-codec/4.1.90.Final/netty-codec-4.1.90.Final.jar:/home/runner/.m2/repository/io/netty/netty-handler-proxy/4.1.90.Final/netty-handler-proxy-4.1.90.Final.jar:/home/runner/.m2/repository/io/netty/netty-codec-socks/4.1.90.Final/netty-codec-socks-4.1.90.Final.jar:/home/runner/.m2/repository/io/netty/netty-codec-http/4.1.90.Final/netty-codec-http-4.1.90.Final.jar:/home/runner/.m2/repository/io/netty/netty-codec-http2/4.1.90.Final/netty-codec-http2-4.1.90.Final.jar:/home/runner/.m2/repository/io/netty/netty-resolver/4.1.90.Final/netty-resolver-4.1.90.Final.jar:/home/runner/.m2/repository/io/netty/netty-resolver-dns/4.1.90.Final/netty-resolver-dns-4.1.90.Final.jar:/home/runner/.m2/repository/io/netty/netty-codec-dns/4.1.90.Final/netty-codec-dns-4.1.90.Final.jar:/home/runner/.m2/repository/io/quarkus/quarkus-vertx-http-dev-ui-spi/3.0.3.Final/quarkus-vertx-http-dev-ui-spi-3.0.3.Final.jar:/home/runner/.m2/repository/io/quarkus/arc/arc-processor/3.0.3.Final/arc-processor-3.0.3.Final.jar:/home/runner/.m2/repository/org/mockito/mockito-subclass/5.2.0/mockito-subclass-5.2.0.jar:/home/runner/.m2/repository/io/quarkus/quarkus-mutiny/3.0.3.Final/quarkus-mutiny-3.0.3.Final.jar:/home/runner/.m2/repository/io/quarkus/quarkus-smallrye-context-propagation/3.0.3.Final/quarkus-smallrye-context-propagation-3.0.3.Final.jar:/home/runner/.m2/repository/io/smallrye/smallrye-context-propagation/2.1.0/smallrye-context-propagation-2.1.0.jar:/home/runner/.m2/repository/io/smallrye/smallrye-context-propagation-api/2.1.0/smallrye-context-propagation-api-2.1.0.jar:/home/runner/.m2/repository/io/smallrye/smallrye-context-propagation-storage/2.1.0/smallrye-context-propagation-storage-2.1.0.jar:/home/runner/.m2/repository/io/smallrye/reactive/mutiny-smallrye-context-propagation/2.1.0/mutiny-smallrye-context-propagation-2.1.0.jar:/home/runner/.m2/repository/org/assertj/assertj-core/3.23.1/assertj-core-3.23.1.jar:/home/runner/.m2/repository/net/bytebuddy/byte-buddy/1.12.18/byte-buddy-1.12.18.jar:/home/runner/.m2/repository/com/github/tomakehurst/wiremock-jre8/2.35.0/wiremock-jre8-2.35.0.jar:/home/runner/.m2/repository/org/eclipse/jetty/jetty-server/9.4.49.v20220914/jetty-server-9.4.49.v20220914.jar:/home/runner/.m2/repository/javax/servlet/javax.servlet-api/3.1.0/javax.servlet-api-3.1.0.jar:/home/runner/.m2/repository/org/eclipse/jetty/jetty-http/9.4.49.v20220914/jetty-http-9.4.49.v20220914.jar:/home/runner/.m2/repository/org/eclipse/jetty/jetty-io/9.4.49.v20220914/jetty-io-9.4.49.v20220914.jar:/home/runner/.m2/repository/org/eclipse/jetty/jetty-servlet/9.4.49.v20220914/jetty-servlet-9.4.49.v20220914.jar:/home/runner/.m2/repository/org/eclipse/jetty/jetty-security/9.4.49.v20220914/jetty-security-9.4.49.v20220914.jar:/home/runner/.m2/repository/org/eclipse/jetty/jetty-util-ajax/9.4.49.v20220914/jetty-util-ajax-9.4.49.v20220914.jar:/home/runner/.m2/repository/org/eclipse/jetty/jetty-servlets/9.4.49.v20220914/jetty-servlets-9.4.49.v20220914.jar:/home/runner/.m2/repository/org/eclipse/jetty/jetty-continuation/9.4.49.v20220914/jetty-continuation-9.4.49.v20220914.jar:/home/runner/.m2/repository/org/eclipse/jetty/jetty-util/9.4.49.v20220914/jetty-util-9.4.49.v20220914.jar:/home/runner/.m2/repository/org/eclipse/jetty/jetty-webapp/9.4.49.v20220914/jetty-webapp-9.4.49.v20220914.jar:/home/runner/.m2/repository/org/eclipse/jetty/jetty-xml/9.4.49.v20220914/jetty-xml-9.4.49.v20220914.jar:/home/runner/.m2/repository/org/eclipse/jetty/jetty-proxy/9.4.49.v20220914/jetty-proxy-9.4.49.v20220914.jar:/home/runner/.m2/repository/org/eclipse/jetty/jetty-client/9.4.49.v20220914/jetty-client-9.4.49.v20220914.jar:/home/runner/.m2/repository/org/eclipse/jetty/http2/http2-server/9.4.49.v20220914/http2-server-9.4.49.v20220914.jar:/home/runner/.m2/repository/org/eclipse/jetty/http2/http2-common/9.4.49.v20220914/http2-common-9.4.49.v20220914.jar:/home/runner/.m2/repository/org/eclipse/jetty/http2/http2-hpack/9.4.49.v20220914/http2-hpack-9.4.49.v20220914.jar:/home/runner/.m2/repository/org/eclipse/jetty/jetty-alpn-server/9.4.49.v20220914/jetty-alpn-server-9.4.49.v20220914.jar:/home/runner/.m2/repository/org/eclipse/jetty/jetty-alpn-java-server/9.4.49.v20220914/jetty-alpn-java-server-9.4.49.v20220914.jar:/home/runner/.m2/repository/org/eclipse/jetty/jetty-alpn-openjdk8-server/9.4.49.v20220914/jetty-alpn-openjdk8-server-9.4.49.v20220914.jar:/home/runner/.m2/repository/org/eclipse/jetty/jetty-alpn-java-client/9.4.49.v20220914/jetty-alpn-java-client-9.4.49.v20220914.jar:/home/runner/.m2/repository/org/eclipse/jetty/jetty-alpn-client/9.4.49.v20220914/jetty-alpn-client-9.4.49.v20220914.jar:/home/runner/.m2/repository/org/eclipse/jetty/jetty-alpn-openjdk8-client/9.4.49.v20220914/jetty-alpn-openjdk8-client-9.4.49.v20220914.jar:/home/runner/.m2/repository/com/google/guava/guava/31.1-jre/guava-31.1-jre.jar:/home/runner/.m2/repository/com/google/guava/failureaccess/1.0.1/failureaccess-1.0.1.jar:/home/runner/.m2/repository/org/checkerframework/checker-qual/3.32.0/checker-qual-3.32.0.jar:/home/runner/.m2/repository/com/google/errorprone/error_prone_annotations/2.18.0/error_prone_annotations-2.18.0.jar:/home/runner/.m2/repository/com/google/j2objc/j2objc-annotations/1.3/j2objc-annotations-1.3.jar:/home/runner/.m2/repository/com/fasterxml/jackson/core/jackson-core/2.14.2/jackson-core-2.14.2.jar:/home/runner/.m2/repository/com/fasterxml/jackson/core/jackson-annotations/2.14.2/jackson-annotations-2.14.2.jar:/home/runner/.m2/repository/org/apache/httpcomponents/client5/httpclient5/5.1.3/httpclient5-5.1.3.jar:/home/runner/.m2/repository/org/apache/httpcomponents/core5/httpcore5/5.1.3/httpcore5-5.1.3.jar:/home/runner/.m2/repository/org/apache/httpcomponents/core5/httpcore5-h2/5.1.3/httpcore5-h2-5.1.3.jar:/home/runner/.m2/repository/commons-codec/commons-codec/1.15/commons-codec-1.15.jar:/home/runner/.m2/repository/org/xmlunit/xmlunit-core/2.9.0/xmlunit-core-2.9.0.jar:/home/runner/.m2/repository/org/xmlunit/xmlunit-legacy/2.9.0/xmlunit-legacy-2.9.0.jar:/home/runner/.m2/repository/org/xmlunit/xmlunit-placeholders/2.9.0/xmlunit-placeholders-2.9.0.jar:/home/runner/.m2/repository/net/javacrumbs/json-unit/json-unit-core/2.36.0/json-unit-core-2.36.0.jar:/home/runner/.m2/repository/org/hamcrest/hamcrest-core/2.2/hamcrest-core-2.2.jar:/home/runner/.m2/repository/org/hamcrest/hamcrest/2.2/hamcrest-2.2.jar:/home/runner/.m2/repository/com/jayway/jsonpath/json-path/2.7.0/json-path-2.7.0.jar:/home/runner/.m2/repository/net/minidev/json-smart/2.4.7/json-smart-2.4.7.jar:/home/runner/.m2/repository/net/minidev/accessors-smart/2.4.7/accessors-smart-2.4.7.jar:/home/runner/.m2/repository/org/ow2/asm/asm/9.5/asm-9.5.jar:/home/runner/.m2/repository/net/sf/jopt-simple/jopt-simple/5.0.4/jopt-simple-5.0.4.jar:/home/runner/.m2/repository/org/apache/commons/commons-lang3/3.12.0/commons-lang3-3.12.0.jar:/home/runner/.m2/repository/com/github/jknack/handlebars/4.3.1/handlebars-4.3.1.jar:/home/runner/.m2/repository/com/github/jknack/handlebars-helpers/4.3.1/handlebars-helpers-4.3.1.jar:/home/runner/.m2/repository/commons-fileupload/commons-fileupload/1.4/commons-fileupload-1.4.jar:/home/runner/.m2/repository/commons-io/commons-io/2.11.0/commons-io-2.11.0.jar:/home/runner/.m2/repository/org/slf4j/slf4j-api/2.0.6/slf4j-api-2.0.6.jar:/home/runner/.m2/repository/org/mockito/mockito-junit-jupiter/4.9.0/mockito-junit-jupiter-4.9.0.jar:/home/runner/.m2/repository/org/mockito/mockito-core/5.2.0/mockito-core-5.2.0.jar:/home/runner/.m2/repository/net/bytebuddy/byte-buddy-agent/1.14.1/byte-buddy-agent-1.14.1.jar:/home/runner/.m2/repository/org/objenesis/objenesis/3.3/objenesis-3.3.jar:/home/runner/.m2/repository/org/junit/jupiter/junit-jupiter-api/5.9.2/junit-jupiter-api-5.9.2.jar:/home/runner/.m2/repository/org/opentest4j/opentest4j/1.2.0/opentest4j-1.2.0.jar:/home/runner/.m2/repository/org/junit/platform/junit-platform-commons/1.9.2/junit-platform-commons-1.9.2.jar:/home/runner/.m2/repository/org/apiguardian/apiguardian-api/1.1.2/apiguardian-api-1.1.2.jar:/home/runner/.m2/repository/io/quarkus/quarkus-jacoco/3.0.3.Final/quarkus-jacoco-3.0.3.Final.jar:/home/runner/.m2/repository/org/jacoco/org.jacoco.core/0.8.9/org.jacoco.core-0.8.9.jar:/home/runner/.m2/repository/org/ow2/asm/asm-tree/9.5/asm-tree-9.5.jar:/home/runner/.m2/repository/org/jacoco/org.jacoco.report/0.8.9/org.jacoco.report-0.8.9.jar:/home/runner/.m2/repository/org/jacoco/org.jacoco.agent/0.8.9/org.jacoco.agent-0.8.9.jar:/home/runner/.m2/repository/org/jacoco/org.jacoco.agent/0.8.9/org.jacoco.agent-0.8.9-runtime.jar:/home/runner/.m2/repository/org/ow2/asm/asm-commons/9.5/asm-commons-9.5.jar:"/>
    <property name="sun.cpu.endian" value="little"/>
    <property name="user.home" value="/home/runner"/>
    <property name="user.language" value="en"/>
    <property name="jboss.log-version" value="false"/>
    <property name="java.specification.vendor" value="Oracle Corporation"/>
    <property name="java.version.date" value="2023-04-18"/>
    <property name="java.home" value="/opt/hostedtoolcache/Java_Adopt_jdk/11.0.19-7/x64"/>
    <property name="file.separator" value="/"/>
    <property name="basedir" value="/home/runner/work/quarkus-java-sample-cli/quarkus-java-sample-cli"/>
    <property name="java.vm.compressedOopsMode" value="32-bit"/>
    <property name="line.separator" value="&#10;"/>
    <property name="java.specification.name" value="Java Platform API Specification"/>
    <property name="java.vm.specification.vendor" value="Oracle Corporation"/>
    <property name="java.awt.graphicsenv" value="sun.awt.X11GraphicsEnvironment"/>
    <property name="surefire.real.class.path" value="/home/runner/work/quarkus-java-sample-cli/quarkus-java-sample-cli/target/surefire/surefirebooter-20230524205007767_3.jar"/>
    <property name="sun.management.compiler" value="HotSpot 64-Bit Tiered Compilers"/>
    <property name="org.eclipse.jetty.http.HttpGenerator.STRICT" value="true"/>
    <property name="java.runtime.version" value="11.0.19+7"/>
    <property name="user.name" value="runner"/>
    <property name="dev.resteasy.exception.mapper" value="false"/>
    <property name="path.separator" value=":"/>
    <property name="securerandom.source" value="file:/dev/./urandom"/>
    <property name="os.version" value="5.15.0-1037-azure"/>
    <property name="java.runtime.name" value="OpenJDK Runtime Environment"/>
    <property name="file.encoding" value="UTF-8"/>
    <property name="java.vm.name" value="OpenJDK 64-Bit Server VM"/>
    <property name="java.vendor.version" value="Temurin-11.0.19+7"/>
    <property name="localRepository" value="/home/runner/.m2/repository"/>
    <property name="javax.xml.xpath.XPathFactory:http://java.sun.com/jaxp/xpath/dom" value="com.sun.org.apache.xpath.internal.jaxp.XPathFactoryImpl"/>
    <property name="java.vendor.url.bug" value="https://github.com/adoptium/adoptium-support/issues"/>
    <property name="jetty.git.hash" value="4231a3b2e4cb8548a412a789936d640a97b1aa0a"/>
    <property name="java.io.tmpdir" value="/tmp"/>
    <property name="java.version" value="11.0.19"/>
    <property name="java.util.concurrent.ForkJoinPool.common.threadFactory" value="io.quarkus.bootstrap.forkjoin.QuarkusForkJoinWorkerThreadFactory"/>
    <property name="user.dir" value="/home/runner/work/quarkus-java-sample-cli/quarkus-java-sample-cli"/>
    <property name="os.arch" value="amd64"/>
    <property name="java.vm.specification.name" value="Java Virtual Machine Specification"/>
    <property name="java.awt.printerjob" value="sun.print.PSPrinterJob"/>
    <property name="sun.os.patch.level" value="unknown"/>
    <property name="java.util.logging.manager" value="org.jboss.logmanager.LogManager"/>
    <property name="java.library.path" value="/usr/java/packages/lib:/usr/lib64:/lib64:/lib:/usr/lib"/>
    <property name="java.vm.info" value="mixed mode"/>
    <property name="java.vendor" value="Eclipse Adoptium"/>
    <property name="java.vm.version" value="11.0.19+7"/>
    <property name="sun.io.unicode.encoding" value="UnicodeLittle"/>
    <property name="javax.xml.transform.TransformerFactory" value="com.sun.org.apache.xalan.internal.xsltc.trax.TransformerFactoryImpl"/>
    <property name="java.class.version" value="55.0"/>
    <property name="jacoco-agent.destfile" value="/home/runner/work/quarkus-java-sample-cli/quarkus-java-sample-cli/target/jacoco-quarkus.exec"/>
  </properties>
  <testcase name="sayHello(LaunchResult)" classname="com.amadeus.digital.cli.commands.TestSay" time="3.175">
    <system-out><![CDATA[2023-05-24 20:50:28,987 WARN  [org.jbo.res.cli.jax.i18n] (Cleaner-0) RESTEASY004687: Closing a class org.jboss.resteasy.client.jaxrs.engines.ManualClosingApacheHttpClient43Engine$CleanupAction instance for you. Please close clients yourself.
2023-05-24 20:50:29,015 WARN  [org.jbo.res.cli.jax.i18n] (Cleaner-0) RESTEASY004687: Closing a class org.jboss.resteasy.client.jaxrs.engines.ManualClosingApacheHttpClient43Engine$CleanupAction instance for you. Please close clients yourself.
2023-05-24 20:50:29,019 WARN  [org.jbo.res.cli.jax.i18n] (Cleaner-0) RESTEASY004687: Closing a class org.jboss.resteasy.client.jaxrs.engines.ManualClosingApacheHttpClient43Engine$CleanupAction instance for you. Please close clients yourself.
2023-05-24 20:50:29,036 INFO  [org.ecl.jet.uti.log] (pool-34-thread-1) Logging initialized @21156ms to org.eclipse.jetty.util.log.Slf4jLog
2023-05-24 20:50:29,112 WARN  [org.ecl.jet.ser.AbstractConnector] (pool-34-thread-1) Acceptors should be <= availableProcessors: NetworkTrafficServerConnector@17bb9d53{HTTP/1.1, (http/1.1, h2c)}{0.0.0.0:0}
2023-05-24 20:50:29,294 INFO  [org.ecl.jet.ser.Server] (pool-34-thread-1) jetty-9.4.49.v20220914; built: 2022-09-14T01:07:36.601Z; git: 4231a3b2e4cb8548a412a789936d640a97b1aa0a; jvm 11.0.19+7
2023-05-24 20:50:29,305 INFO  [org.ecl.jet.ser.han.ContextHandler] (pool-34-thread-1) Started o.e.j.s.ServletContextHandler@d66a031{/__admin,null,AVAILABLE}
2023-05-24 20:50:29,312 INFO  [org.ecl.jet.ser.han.Con.ROOT] (pool-34-thread-1) RequestHandlerClass from context returned com.github.tomakehurst.wiremock.http.StubRequestHandler. Normalized mapped under returned 'null'
2023-05-24 20:50:29,312 INFO  [org.ecl.jet.ser.han.ContextHandler] (pool-34-thread-1) Started o.e.j.s.ServletContextHandler@63184980{/,null,AVAILABLE}
2023-05-24 20:50:29,320 INFO  [org.ecl.jet.ser.AbstractConnector] (pool-34-thread-1) Started NetworkTrafficServerConnector@17bb9d53{HTTP/1.1, (http/1.1, h2c)}{0.0.0.0:8089}
2023-05-24 20:50:29,321 INFO  [org.ecl.jet.ser.Server] (pool-34-thread-1) Started @21441ms
2023-05-24 20:50:29,475 INFO  [org.ecl.jet.ser.han.Con.__admin] (qtp325866048-822) RequestHandlerClass from context returned com.github.tomakehurst.wiremock.http.AdminRequestHandler. Normalized mapped under returned 'null'
Hello 
2023-05-24 20:50:29,985 INFO  [OUTPUT] (main) Hello 
2023-05-24 20:50:29,993 INFO  [org.ecl.jet.ser.AbstractConnector] (main) Stopped NetworkTrafficServerConnector@17bb9d53{HTTP/1.1, (http/1.1, h2c)}{0.0.0.0:8089}
2023-05-24 20:50:29,994 INFO  [org.ecl.jet.ser.han.ContextHandler] (main) Stopped o.e.j.s.ServletContextHandler@63184980{/,null,STOPPED}
2023-05-24 20:50:29,994 INFO  [org.ecl.jet.ser.han.ContextHandler] (main) Stopped o.e.j.s.ServletContextHandler@d66a031{/__admin,null,STOPPED}
]]></system-out>
  </testcase>
  <testcase name="sayHelloFAils(LaunchResult)" classname="com.amadeus.digital.cli.commands.TestSay" time="0.709">
    <system-out><![CDATA[2023-05-24 20:50:30,573 WARN  [org.ecl.jet.ser.AbstractConnector] (pool-39-thread-1) Acceptors should be <= availableProcessors: NetworkTrafficServerConnector@36429230{HTTP/1.1, (http/1.1, h2c)}{0.0.0.0:0}
2023-05-24 20:50:30,575 INFO  [org.ecl.jet.ser.Server] (pool-39-thread-1) jetty-9.4.49.v20220914; built: 2022-09-14T01:07:36.601Z; git: 4231a3b2e4cb8548a412a789936d640a97b1aa0a; jvm 11.0.19+7
2023-05-24 20:50:30,576 INFO  [org.ecl.jet.ser.han.ContextHandler] (pool-39-thread-1) Started o.e.j.s.ServletContextHandler@197fab30{/__admin,null,AVAILABLE}
2023-05-24 20:50:30,577 INFO  [org.ecl.jet.ser.han.Con.ROOT] (pool-39-thread-1) RequestHandlerClass from context returned com.github.tomakehurst.wiremock.http.StubRequestHandler. Normalized mapped under returned 'null'
2023-05-24 20:50:30,577 INFO  [org.ecl.jet.ser.han.ContextHandler] (pool-39-thread-1) Started o.e.j.s.ServletContextHandler@5d375b32{/,null,AVAILABLE}
2023-05-24 20:50:30,581 INFO  [org.ecl.jet.ser.AbstractConnector] (pool-39-thread-1) Started NetworkTrafficServerConnector@36429230{HTTP/1.1, (http/1.1, h2c)}{0.0.0.0:8089}
2023-05-24 20:50:30,582 INFO  [org.ecl.jet.ser.Server] (pool-39-thread-1) Started @22702ms
2023-05-24 20:50:30,590 INFO  [org.ecl.jet.ser.han.Con.__admin] (qtp1241474113-890) RequestHandlerClass from context returned com.github.tomakehurst.wiremock.http.AdminRequestHandler. Normalized mapped under returned 'null'
Hello 
2023-05-24 20:50:30,698 INFO  [OUTPUT] (main) Hello 
You asked to be rude
2023-05-24 20:50:30,698 ERROR [OUTPUT] (main) You asked to be rude
2023-05-24 20:50:30,703 INFO  [org.ecl.jet.ser.AbstractConnector] (main) Stopped NetworkTrafficServerConnector@36429230{HTTP/1.1, (http/1.1, h2c)}{0.0.0.0:8089}
2023-05-24 20:50:30,704 INFO  [org.ecl.jet.ser.han.ContextHandler] (main) Stopped o.e.j.s.ServletContextHandler@5d375b32{/,null,STOPPED}
2023-05-24 20:50:30,704 INFO  [org.ecl.jet.ser.han.ContextHandler] (main) Stopped o.e.j.s.ServletContextHandler@197fab30{/__admin,null,STOPPED}
]]></system-out>
  </testcase>
  <testcase name="sayGoodbyeFAils(LaunchResult)" classname="com.amadeus.digital.cli.commands.TestSay" time="0.867">
    <system-out><![CDATA[2023-05-24 20:50:31,454 WARN  [org.ecl.jet.ser.AbstractConnector] (pool-42-thread-1) Acceptors should be <= availableProcessors: NetworkTrafficServerConnector@2aa2480a{HTTP/1.1, (http/1.1, h2c)}{0.0.0.0:0}
2023-05-24 20:50:31,458 INFO  [org.ecl.jet.ser.Server] (pool-42-thread-1) jetty-9.4.49.v20220914; built: 2022-09-14T01:07:36.601Z; git: 4231a3b2e4cb8548a412a789936d640a97b1aa0a; jvm 11.0.19+7
2023-05-24 20:50:31,464 INFO  [org.ecl.jet.ser.han.ContextHandler] (pool-42-thread-1) Started o.e.j.s.ServletContextHandler@55b96403{/__admin,null,AVAILABLE}
2023-05-24 20:50:31,464 INFO  [org.ecl.jet.ser.han.Con.ROOT] (pool-42-thread-1) RequestHandlerClass from context returned com.github.tomakehurst.wiremock.http.StubRequestHandler. Normalized mapped under returned 'null'
2023-05-24 20:50:31,465 INFO  [org.ecl.jet.ser.han.ContextHandler] (pool-42-thread-1) Started o.e.j.s.ServletContextHandler@229bce4e{/,null,AVAILABLE}
2023-05-24 20:50:31,465 INFO  [org.ecl.jet.ser.AbstractConnector] (pool-42-thread-1) Started NetworkTrafficServerConnector@2aa2480a{HTTP/1.1, (http/1.1, h2c)}{0.0.0.0:8089}
2023-05-24 20:50:31,466 INFO  [org.ecl.jet.ser.Server] (pool-42-thread-1) Started @23586ms
2023-05-24 20:50:31,479 INFO  [org.ecl.jet.ser.han.Con.__admin] (qtp1764511652-963) RequestHandlerClass from context returned com.github.tomakehurst.wiremock.http.AdminRequestHandler. Normalized mapped under returned 'null'
Goodbye you
2023-05-24 20:50:31,576 INFO  [OUTPUT] (main) Goodbye you
You asked to fail
2023-05-24 20:50:31,576 ERROR [OUTPUT] (main) You asked to fail
2023-05-24 20:50:31,578 INFO  [org.ecl.jet.ser.AbstractConnector] (main) Stopped NetworkTrafficServerConnector@2aa2480a{HTTP/1.1, (http/1.1, h2c)}{0.0.0.0:8089}
2023-05-24 20:50:31,579 INFO  [org.ecl.jet.ser.han.ContextHandler] (main) Stopped o.e.j.s.ServletContextHandler@229bce4e{/,null,STOPPED}
2023-05-24 20:50:31,579 INFO  [org.ecl.jet.ser.han.ContextHandler] (main) Stopped o.e.j.s.ServletContextHandler@55b96403{/__admin,null,STOPPED}
]]></system-out>
  </testcase>
  <testcase name="proposesSubcommands(LaunchResult)" classname="com.amadeus.digital.cli.commands.TestSay" time="0.638">
    <system-out><![CDATA[2023-05-24 20:50:32,094 WARN  [org.ecl.jet.ser.AbstractConnector] (pool-45-thread-1) Acceptors should be <= availableProcessors: NetworkTrafficServerConnector@37e9a1fa{HTTP/1.1, (http/1.1, h2c)}{0.0.0.0:0}
2023-05-24 20:50:32,097 INFO  [org.ecl.jet.ser.Server] (pool-45-thread-1) jetty-9.4.49.v20220914; built: 2022-09-14T01:07:36.601Z; git: 4231a3b2e4cb8548a412a789936d640a97b1aa0a; jvm 11.0.19+7
2023-05-24 20:50:32,099 INFO  [org.ecl.jet.ser.han.ContextHandler] (pool-45-thread-1) Started o.e.j.s.ServletContextHandler@78dd6127{/__admin,null,AVAILABLE}
2023-05-24 20:50:32,100 INFO  [org.ecl.jet.ser.han.Con.ROOT] (pool-45-thread-1) RequestHandlerClass from context returned com.github.tomakehurst.wiremock.http.StubRequestHandler. Normalized mapped under returned 'null'
2023-05-24 20:50:32,100 INFO  [org.ecl.jet.ser.han.ContextHandler] (pool-45-thread-1) Started o.e.j.s.ServletContextHandler@4c818975{/,null,AVAILABLE}
2023-05-24 20:50:32,104 INFO  [org.ecl.jet.ser.AbstractConnector] (pool-45-thread-1) Started NetworkTrafficServerConnector@37e9a1fa{HTTP/1.1, (http/1.1, h2c)}{0.0.0.0:8089}
2023-05-24 20:50:32,104 INFO  [org.ecl.jet.ser.Server] (pool-45-thread-1) Started @24225ms
2023-05-24 20:50:32,123 INFO  [org.ecl.jet.ser.han.Con.__admin] (qtp1164757417-1032) RequestHandlerClass from context returned com.github.tomakehurst.wiremock.http.AdminRequestHandler. Normalized mapped under returned 'null'
Missing required subcommand
Sample CLI - a CLI to help you

Usage: samplecli say [COMMAND]
Just some examples of subcommands
Commands:
  hello    Say hello
  goodbye  Say you're leaving

Use "samplecli <command> --help" or "samplecli <command> -h" for more
information about a given command.
2023-05-24 20:50:32,220 INFO  [org.ecl.jet.ser.AbstractConnector] (main) Stopped NetworkTrafficServerConnector@37e9a1fa{HTTP/1.1, (http/1.1, h2c)}{0.0.0.0:8089}
2023-05-24 20:50:32,221 INFO  [org.ecl.jet.ser.han.ContextHandler] (main) Stopped o.e.j.s.ServletContextHandler@4c818975{/,null,STOPPED}
2023-05-24 20:50:32,221 INFO  [org.ecl.jet.ser.han.ContextHandler] (main) Stopped o.e.j.s.ServletContextHandler@78dd6127{/__admin,null,STOPPED}
]]></system-out>
  </testcase>
  <testcase name="printsHelp(LaunchResult)" classname="com.amadeus.digital.cli.commands.TestSay" time="0.832">
    <system-out><![CDATA[2023-05-24 20:50:32,776 WARN  [org.ecl.jet.ser.AbstractConnector] (pool-48-thread-1) Acceptors should be <= availableProcessors: NetworkTrafficServerConnector@c1cdca{HTTP/1.1, (http/1.1, h2c)}{0.0.0.0:0}
2023-05-24 20:50:32,779 INFO  [org.ecl.jet.ser.Server] (pool-48-thread-1) jetty-9.4.49.v20220914; built: 2022-09-14T01:07:36.601Z; git: 4231a3b2e4cb8548a412a789936d640a97b1aa0a; jvm 11.0.19+7
2023-05-24 20:50:32,833 INFO  [org.ecl.jet.ser.han.ContextHandler] (pool-48-thread-1) Started o.e.j.s.ServletContextHandler@47d613d4{/__admin,null,AVAILABLE}
2023-05-24 20:50:32,833 INFO  [org.ecl.jet.ser.han.Con.ROOT] (pool-48-thread-1) RequestHandlerClass from context returned com.github.tomakehurst.wiremock.http.StubRequestHandler. Normalized mapped under returned 'null'
2023-05-24 20:50:32,833 INFO  [org.ecl.jet.ser.han.ContextHandler] (pool-48-thread-1) Started o.e.j.s.ServletContextHandler@2f9c0eff{/,null,AVAILABLE}
2023-05-24 20:50:32,836 INFO  [org.ecl.jet.ser.AbstractConnector] (pool-48-thread-1) Started NetworkTrafficServerConnector@c1cdca{HTTP/1.1, (http/1.1, h2c)}{0.0.0.0:8089}
2023-05-24 20:50:32,836 INFO  [org.ecl.jet.ser.Server] (pool-48-thread-1) Started @24957ms
2023-05-24 20:50:32,853 INFO  [org.ecl.jet.ser.han.Con.__admin] (qtp456762426-1104) RequestHandlerClass from context returned com.github.tomakehurst.wiremock.http.AdminRequestHandler. Normalized mapped under returned 'null'
Missing required subcommand
Sample CLI - a CLI to help you

Usage: samplecli say [COMMAND]
Just some examples of subcommands
Commands:
  hello    Say hello
  goodbye  Say you're leaving

Use "samplecli <command> --help" or "samplecli <command> -h" for more
information about a given command.
2023-05-24 20:50:33,053 INFO  [org.ecl.jet.ser.AbstractConnector] (main) Stopped NetworkTrafficServerConnector@c1cdca{HTTP/1.1, (http/1.1, h2c)}{0.0.0.0:8089}
2023-05-24 20:50:33,054 INFO  [org.ecl.jet.ser.han.ContextHandler] (main) Stopped o.e.j.s.ServletContextHandler@2f9c0eff{/,null,STOPPED}
2023-05-24 20:50:33,054 INFO  [org.ecl.jet.ser.han.ContextHandler] (main) Stopped o.e.j.s.ServletContextHandler@47d613d4{/__admin,null,STOPPED}
]]></system-out>
  </testcase>
  <testcase name="sayGoodbyeRequiresParameter(LaunchResult)" classname="com.amadeus.digital.cli.commands.TestSay" time="0.625">
    <system-out><![CDATA[2023-05-24 20:50:33,531 WARN  [org.ecl.jet.ser.AbstractConnector] (pool-51-thread-1) Acceptors should be <= availableProcessors: NetworkTrafficServerConnector@50c7e292{HTTP/1.1, (http/1.1, h2c)}{0.0.0.0:0}
2023-05-24 20:50:33,534 INFO  [org.ecl.jet.ser.Server] (pool-51-thread-1) jetty-9.4.49.v20220914; built: 2022-09-14T01:07:36.601Z; git: 4231a3b2e4cb8548a412a789936d640a97b1aa0a; jvm 11.0.19+7
2023-05-24 20:50:33,535 INFO  [org.ecl.jet.ser.han.ContextHandler] (pool-51-thread-1) Started o.e.j.s.ServletContextHandler@b44351f{/__admin,null,AVAILABLE}
2023-05-24 20:50:33,535 INFO  [org.ecl.jet.ser.han.Con.ROOT] (pool-51-thread-1) RequestHandlerClass from context returned com.github.tomakehurst.wiremock.http.StubRequestHandler. Normalized mapped under returned 'null'
2023-05-24 20:50:33,536 INFO  [org.ecl.jet.ser.han.ContextHandler] (pool-51-thread-1) Started o.e.j.s.ServletContextHandler@74c37a83{/,null,AVAILABLE}
2023-05-24 20:50:33,539 INFO  [org.ecl.jet.ser.AbstractConnector] (pool-51-thread-1) Started NetworkTrafficServerConnector@50c7e292{HTTP/1.1, (http/1.1, h2c)}{0.0.0.0:8089}
2023-05-24 20:50:33,540 INFO  [org.ecl.jet.ser.Server] (pool-51-thread-1) Started @25660ms
2023-05-24 20:50:33,551 INFO  [org.ecl.jet.ser.han.Con.__admin] (qtp1263077700-1178) RequestHandlerClass from context returned com.github.tomakehurst.wiremock.http.AdminRequestHandler. Normalized mapped under returned 'null'
Missing required parameter: '<who>'
Sample CLI - a CLI to help you

Usage: samplecli say goodbye [-fe] [-t=<times>] <who>
Say you're leaving
      <who>             Name of who to greet
  -f, --fail            Makes the command fail to say Goodbye
  -t, --times=<times>   Should we repeat?
  -e, --exclamation     Just a goodbye message or an exclamation?

Use "samplecli <command> --help" or "samplecli <command> -h" for more
information about a given command.
2023-05-24 20:50:33,679 INFO  [org.ecl.jet.ser.AbstractConnector] (main) Stopped NetworkTrafficServerConnector@50c7e292{HTTP/1.1, (http/1.1, h2c)}{0.0.0.0:8089}
2023-05-24 20:50:33,680 INFO  [org.ecl.jet.ser.han.ContextHandler] (main) Stopped o.e.j.s.ServletContextHandler@74c37a83{/,null,STOPPED}
2023-05-24 20:50:33,681 INFO  [org.ecl.jet.ser.han.ContextHandler] (main) Stopped o.e.j.s.ServletContextHandler@b44351f{/__admin,null,STOPPED}
]]></system-out>
  </testcase>
  <testcase name="sayHelloWithExclamation(LaunchResult)" classname="com.amadeus.digital.cli.commands.TestSay" time="0.583">
    <system-out><![CDATA[2023-05-24 20:50:34,142 WARN  [org.ecl.jet.ser.AbstractConnector] (pool-54-thread-1) Acceptors should be <= availableProcessors: NetworkTrafficServerConnector@5c240590{HTTP/1.1, (http/1.1, h2c)}{0.0.0.0:0}
2023-05-24 20:50:34,144 INFO  [org.ecl.jet.ser.Server] (pool-54-thread-1) jetty-9.4.49.v20220914; built: 2022-09-14T01:07:36.601Z; git: 4231a3b2e4cb8548a412a789936d640a97b1aa0a; jvm 11.0.19+7
2023-05-24 20:50:34,148 INFO  [org.ecl.jet.ser.han.ContextHandler] (pool-54-thread-1) Started o.e.j.s.ServletContextHandler@71ba01ac{/__admin,null,AVAILABLE}
2023-05-24 20:50:34,148 INFO  [org.ecl.jet.ser.han.Con.ROOT] (pool-54-thread-1) RequestHandlerClass from context returned com.github.tomakehurst.wiremock.http.StubRequestHandler. Normalized mapped under returned 'null'
2023-05-24 20:50:34,148 INFO  [org.ecl.jet.ser.han.ContextHandler] (pool-54-thread-1) Started o.e.j.s.ServletContextHandler@67ff0599{/,null,AVAILABLE}
2023-05-24 20:50:34,150 INFO  [org.ecl.jet.ser.AbstractConnector] (pool-54-thread-1) Started NetworkTrafficServerConnector@5c240590{HTTP/1.1, (http/1.1, h2c)}{0.0.0.0:8089}
2023-05-24 20:50:34,150 INFO  [org.ecl.jet.ser.Server] (pool-54-thread-1) Started @26271ms
2023-05-24 20:50:34,163 INFO  [org.ecl.jet.ser.han.Con.__admin] (qtp704085896-1247) RequestHandlerClass from context returned com.github.tomakehurst.wiremock.http.AdminRequestHandler. Normalized mapped under returned 'null'
Hello  !
2023-05-24 20:50:34,259 INFO  [OUTPUT] (main) Hello  !
2023-05-24 20:50:34,266 INFO  [org.ecl.jet.ser.AbstractConnector] (main) Stopped NetworkTrafficServerConnector@5c240590{HTTP/1.1, (http/1.1, h2c)}{0.0.0.0:8089}
2023-05-24 20:50:34,269 INFO  [org.ecl.jet.ser.han.ContextHandler] (main) Stopped o.e.j.s.ServletContextHandler@67ff0599{/,null,STOPPED}
2023-05-24 20:50:34,269 INFO  [org.ecl.jet.ser.han.ContextHandler] (main) Stopped o.e.j.s.ServletContextHandler@71ba01ac{/__admin,null,STOPPED}
]]></system-out>
  </testcase>
  <testcase name="sayHelloYou(LaunchResult)" classname="com.amadeus.digital.cli.commands.TestSay" time="0.612">
    <system-out><![CDATA[2023-05-24 20:50:34,742 WARN  [org.ecl.jet.ser.AbstractConnector] (pool-57-thread-1) Acceptors should be <= availableProcessors: NetworkTrafficServerConnector@46a763ff{HTTP/1.1, (http/1.1, h2c)}{0.0.0.0:0}
2023-05-24 20:50:34,744 INFO  [org.ecl.jet.ser.Server] (pool-57-thread-1) jetty-9.4.49.v20220914; built: 2022-09-14T01:07:36.601Z; git: 4231a3b2e4cb8548a412a789936d640a97b1aa0a; jvm 11.0.19+7
2023-05-24 20:50:34,746 INFO  [org.ecl.jet.ser.han.ContextHandler] (pool-57-thread-1) Started o.e.j.s.ServletContextHandler@33c1c170{/__admin,null,AVAILABLE}
2023-05-24 20:50:34,746 INFO  [org.ecl.jet.ser.han.Con.ROOT] (pool-57-thread-1) RequestHandlerClass from context returned com.github.tomakehurst.wiremock.http.StubRequestHandler. Normalized mapped under returned 'null'
2023-05-24 20:50:34,746 INFO  [org.ecl.jet.ser.han.ContextHandler] (pool-57-thread-1) Started o.e.j.s.ServletContextHandler@4bf8bb4{/,null,AVAILABLE}
2023-05-24 20:50:34,751 INFO  [org.ecl.jet.ser.AbstractConnector] (pool-57-thread-1) Started NetworkTrafficServerConnector@46a763ff{HTTP/1.1, (http/1.1, h2c)}{0.0.0.0:8089}
2023-05-24 20:50:34,751 INFO  [org.ecl.jet.ser.Server] (pool-57-thread-1) Started @26871ms
2023-05-24 20:50:34,783 INFO  [org.ecl.jet.ser.han.Con.__admin] (qtp1777413073-1322) RequestHandlerClass from context returned com.github.tomakehurst.wiremock.http.AdminRequestHandler. Normalized mapped under returned 'null'
Hello you
2023-05-24 20:50:34,878 INFO  [OUTPUT] (main) Hello you
2023-05-24 20:50:34,881 INFO  [org.ecl.jet.ser.AbstractConnector] (main) Stopped NetworkTrafficServerConnector@46a763ff{HTTP/1.1, (http/1.1, h2c)}{0.0.0.0:8089}
2023-05-24 20:50:34,881 INFO  [org.ecl.jet.ser.han.ContextHandler] (main) Stopped o.e.j.s.ServletContextHandler@4bf8bb4{/,null,STOPPED}
2023-05-24 20:50:34,882 INFO  [org.ecl.jet.ser.han.ContextHandler] (main) Stopped o.e.j.s.ServletContextHandler@33c1c170{/__admin,null,STOPPED}
]]></system-out>
  </testcase>
  <testcase name="sayGoodbye(LaunchResult)" classname="com.amadeus.digital.cli.commands.TestSay" time="0.583">
    <system-out><![CDATA[2023-05-24 20:50:35,344 WARN  [org.ecl.jet.ser.AbstractConnector] (pool-60-thread-1) Acceptors should be <= availableProcessors: NetworkTrafficServerConnector@44d6197a{HTTP/1.1, (http/1.1, h2c)}{0.0.0.0:0}
2023-05-24 20:50:35,348 INFO  [org.ecl.jet.ser.Server] (pool-60-thread-1) jetty-9.4.49.v20220914; built: 2022-09-14T01:07:36.601Z; git: 4231a3b2e4cb8548a412a789936d640a97b1aa0a; jvm 11.0.19+7
2023-05-24 20:50:35,356 INFO  [org.ecl.jet.ser.han.ContextHandler] (pool-60-thread-1) Started o.e.j.s.ServletContextHandler@3e88ad5f{/__admin,null,AVAILABLE}
2023-05-24 20:50:35,356 INFO  [org.ecl.jet.ser.han.Con.ROOT] (pool-60-thread-1) RequestHandlerClass from context returned com.github.tomakehurst.wiremock.http.StubRequestHandler. Normalized mapped under returned 'null'
2023-05-24 20:50:35,356 INFO  [org.ecl.jet.ser.han.ContextHandler] (pool-60-thread-1) Started o.e.j.s.ServletContextHandler@79f48f39{/,null,AVAILABLE}
2023-05-24 20:50:35,360 INFO  [org.ecl.jet.ser.AbstractConnector] (pool-60-thread-1) Started NetworkTrafficServerConnector@44d6197a{HTTP/1.1, (http/1.1, h2c)}{0.0.0.0:8089}
2023-05-24 20:50:35,360 INFO  [org.ecl.jet.ser.Server] (pool-60-thread-1) Started @27480ms
2023-05-24 20:50:35,373 INFO  [org.ecl.jet.ser.han.Con.__admin] (qtp880002440-1392) RequestHandlerClass from context returned com.github.tomakehurst.wiremock.http.AdminRequestHandler. Normalized mapped under returned 'null'
Goodbye you
2023-05-24 20:50:35,460 INFO  [OUTPUT] (main) Goodbye you
2023-05-24 20:50:35,465 INFO  [org.ecl.jet.ser.AbstractConnector] (main) Stopped NetworkTrafficServerConnector@44d6197a{HTTP/1.1, (http/1.1, h2c)}{0.0.0.0:8089}
2023-05-24 20:50:35,466 INFO  [org.ecl.jet.ser.han.ContextHandler] (main) Stopped o.e.j.s.ServletContextHandler@79f48f39{/,null,STOPPED}
2023-05-24 20:50:35,466 INFO  [org.ecl.jet.ser.han.ContextHandler] (main) Stopped o.e.j.s.ServletContextHandler@3e88ad5f{/__admin,null,STOPPED}
]]></system-out>
  </testcase>
</testsuite>